{"/Users/jarrydwebb/Dropbox (Sydney Uni Student)/university/semester_two_2021/3888c/repos/cp13-frontend/cp13/src/i18n.js": {"path":"/Users/jarrydwebb/Dropbox (Sydney Uni Student)/university/semester_two_2021/3888c/repos/cp13-frontend/cp13/src/i18n.js","statementMap":{"0":{"start":{"line":4,"column":0},"end":{"line":4,"column":16}},"1":{"start":{"line":7,"column":18},"end":{"line":7,"column":43}},"2":{"start":{"line":8,"column":19},"end":{"line":8,"column":21}},"3":{"start":{"line":9,"column":2},"end":{"line":12,"column":4}},"4":{"start":{"line":10,"column":4},"end":{"line":10,"column":32}},"5":{"start":{"line":13,"column":2},"end":{"line":13,"column":17}}},"fnMap":{"0":{"name":"loadLocaleMessages","decl":{"start":{"line":6,"column":9},"end":{"line":6,"column":27}},"loc":{"start":{"line":6,"column":31},"end":{"line":14,"column":1}},"line":6},"1":{"name":"(anonymous_1)","decl":{"start":{"line":9,"column":31},"end":{"line":9,"column":32}},"loc":{"start":{"line":9,"column":38},"end":{"line":12,"column":3}},"line":9}},"branchMap":{},"s":{"0":12,"1":12,"2":12,"3":12,"4":60,"5":12},"f":{"0":12,"1":60},"b":{},"_coverageSchema":"43e27e138ebf9cfc5966b082cf9a028302ed4184","hash":"714511f5e3e817fc2f3de0ea8a19e26d7d27e32c"}
,"/Users/jarrydwebb/Dropbox (Sydney Uni Student)/university/semester_two_2021/3888c/repos/cp13-frontend/cp13/src/components/SurveyBuilder/BuilderBlock.vue": {"path":"/Users/jarrydwebb/Dropbox (Sydney Uni Student)/university/semester_two_2021/3888c/repos/cp13-frontend/cp13/src/components/SurveyBuilder/BuilderBlock.vue","statementMap":{"0":{"start":{"line":118,"column":0},"end":{"line":118,"column":null}},"1":{"start":{"line":119,"column":0},"end":{"line":119,"column":null}},"2":{"start":{"line":120,"column":0},"end":{"line":120,"column":null}},"3":{"start":{"line":122,"column":0},"end":{"line":122,"column":null}},"4":{"start":{"line":123,"column":0},"end":{"line":123,"column":null}},"5":{"start":{"line":124,"column":0},"end":{"line":124,"column":null}},"6":{"start":{"line":125,"column":0},"end":{"line":125,"column":null}},"7":{"start":{"line":127,"column":0},"end":{"line":127,"column":null}},"8":{"start":{"line":128,"column":0},"end":{"line":128,"column":null}},"9":{"start":{"line":129,"column":0},"end":{"line":129,"column":null}},"10":{"start":{"line":147,"column":0},"end":{"line":147,"column":null}},"11":{"start":{"line":156,"column":0},"end":{"line":158,"column":null}},"12":{"start":{"line":157,"column":0},"end":{"line":157,"column":null}},"13":{"start":{"line":159,"column":0},"end":{"line":159,"column":null}},"14":{"start":{"line":161,"column":0},"end":{"line":161,"column":null}},"15":{"start":{"line":164,"column":0},"end":{"line":169,"column":null}},"16":{"start":{"line":168,"column":0},"end":{"line":168,"column":null}},"17":{"start":{"line":171,"column":0},"end":{"line":176,"column":null}},"18":{"start":{"line":173,"column":0},"end":{"line":173,"column":null}},"19":{"start":{"line":175,"column":0},"end":{"line":175,"column":null}},"20":{"start":{"line":178,"column":0},"end":{"line":178,"column":null}},"21":{"start":{"line":181,"column":0},"end":{"line":183,"column":null}},"22":{"start":{"line":182,"column":0},"end":{"line":182,"column":null}},"23":{"start":{"line":184,"column":0},"end":{"line":184,"column":null}},"24":{"start":{"line":189,"column":0},"end":{"line":189,"column":null}},"25":{"start":{"line":194,"column":0},"end":{"line":194,"column":null}},"26":{"start":{"line":197,"column":0},"end":{"line":197,"column":null}},"27":{"start":{"line":202,"column":0},"end":{"line":202,"column":null}},"28":{"start":{"line":207,"column":0},"end":{"line":207,"column":null}},"29":{"start":{"line":208,"column":0},"end":{"line":210,"column":null}},"30":{"start":{"line":209,"column":0},"end":{"line":209,"column":null}},"31":{"start":{"line":212,"column":0},"end":{"line":212,"column":null}},"32":{"start":{"line":215,"column":0},"end":{"line":215,"column":null}},"33":{"start":{"line":218,"column":0},"end":{"line":218,"column":null}},"34":{"start":{"line":221,"column":0},"end":{"line":221,"column":null}},"35":{"start":{"line":224,"column":0},"end":{"line":224,"column":null}},"36":{"start":{"line":227,"column":0},"end":{"line":227,"column":null}},"37":{"start":{"line":228,"column":0},"end":{"line":228,"column":null}},"38":{"start":{"line":231,"column":0},"end":{"line":231,"column":null}},"39":{"start":{"line":234,"column":0},"end":{"line":234,"column":null}}},"fnMap":{"0":{"name":"(anonymous_1)","decl":{"start":{"line":146,"column":0},"end":{"line":146,"column":null}},"loc":{"start":{"line":146,"column":0},"end":{"line":151,"column":null}}},"1":{"name":"(anonymous_2)","decl":{"start":{"line":154,"column":0},"end":{"line":154,"column":null}},"loc":{"start":{"line":154,"column":0},"end":{"line":162,"column":null}}},"2":{"name":"compare","decl":{"start":{"line":155,"column":0},"end":{"line":155,"column":null}},"loc":{"start":{"line":155,"column":0},"end":{"line":160,"column":null}}},"3":{"name":"(anonymous_4)","decl":{"start":{"line":163,"column":0},"end":{"line":163,"column":null}},"loc":{"start":{"line":163,"column":0},"end":{"line":179,"column":null}}},"4":{"name":"(anonymous_5)","decl":{"start":{"line":180,"column":0},"end":{"line":180,"column":null}},"loc":{"start":{"line":180,"column":0},"end":{"line":185,"column":null}}},"5":{"name":"(anonymous_6)","decl":{"start":{"line":188,"column":0},"end":{"line":188,"column":null}},"loc":{"start":{"line":188,"column":0},"end":{"line":195,"column":null}}},"6":{"name":"(anonymous_7)","decl":{"start":{"line":196,"column":0},"end":{"line":196,"column":null}},"loc":{"start":{"line":196,"column":0},"end":{"line":203,"column":null}}},"7":{"name":"(anonymous_8)","decl":{"start":{"line":204,"column":0},"end":{"line":204,"column":null}},"loc":{"start":{"line":204,"column":0},"end":{"line":213,"column":null}}},"8":{"name":"(anonymous_9)","decl":{"start":{"line":207,"column":0},"end":{"line":207,"column":null}},"loc":{"start":{"line":207,"column":0},"end":{"line":207,"column":null}}},"9":{"name":"(anonymous_10)","decl":{"start":{"line":214,"column":0},"end":{"line":214,"column":null}},"loc":{"start":{"line":214,"column":0},"end":{"line":216,"column":null}}},"10":{"name":"(anonymous_11)","decl":{"start":{"line":217,"column":0},"end":{"line":217,"column":null}},"loc":{"start":{"line":217,"column":0},"end":{"line":219,"column":null}}},"11":{"name":"(anonymous_12)","decl":{"start":{"line":220,"column":0},"end":{"line":220,"column":null}},"loc":{"start":{"line":220,"column":0},"end":{"line":222,"column":null}}},"12":{"name":"(anonymous_13)","decl":{"start":{"line":223,"column":0},"end":{"line":223,"column":null}},"loc":{"start":{"line":223,"column":0},"end":{"line":225,"column":null}}},"13":{"name":"(anonymous_14)","decl":{"start":{"line":226,"column":0},"end":{"line":226,"column":null}},"loc":{"start":{"line":226,"column":0},"end":{"line":229,"column":null}}},"14":{"name":"(anonymous_15)","decl":{"start":{"line":230,"column":0},"end":{"line":230,"column":null}},"loc":{"start":{"line":230,"column":0},"end":{"line":232,"column":null}}},"15":{"name":"(anonymous_16)","decl":{"start":{"line":233,"column":0},"end":{"line":233,"column":null}},"loc":{"start":{"line":233,"column":0},"end":{"line":235,"column":null}}}},"branchMap":{"0":{"loc":{"start":{"line":156,"column":0},"end":{"line":158,"column":null}},"type":"if","locations":[{"start":{"line":156,"column":0},"end":{"line":158,"column":null}},{"start":{"line":156,"column":0},"end":{"line":158,"column":null}}]},"1":{"loc":{"start":{"line":164,"column":0},"end":{"line":169,"column":null}},"type":"if","locations":[{"start":{"line":164,"column":0},"end":{"line":169,"column":null}},{"start":{"line":164,"column":0},"end":{"line":169,"column":null}}]},"2":{"loc":{"start":{"line":164,"column":0},"end":{"line":164,"column":null}},"type":"binary-expr","locations":[{"start":{"line":164,"column":0},"end":{"line":164,"column":null}},{"start":{"line":164,"column":0},"end":{"line":164,"column":null}}]},"3":{"loc":{"start":{"line":171,"column":0},"end":{"line":176,"column":null}},"type":"if","locations":[{"start":{"line":171,"column":0},"end":{"line":176,"column":null}},{"start":{"line":171,"column":0},"end":{"line":176,"column":null}}]},"4":{"loc":{"start":{"line":171,"column":0},"end":{"line":171,"column":null}},"type":"binary-expr","locations":[{"start":{"line":171,"column":0},"end":{"line":171,"column":null}},{"start":{"line":171,"column":0},"end":{"line":171,"column":null}}]},"5":{"loc":{"start":{"line":181,"column":0},"end":{"line":183,"column":null}},"type":"if","locations":[{"start":{"line":181,"column":0},"end":{"line":183,"column":null}},{"start":{"line":181,"column":0},"end":{"line":183,"column":null}}]},"6":{"loc":{"start":{"line":208,"column":0},"end":{"line":210,"column":null}},"type":"if","locations":[{"start":{"line":208,"column":0},"end":{"line":210,"column":null}},{"start":{"line":208,"column":0},"end":{"line":210,"column":null}}]},"7":{"loc":{"start":{"line":208,"column":0},"end":{"line":208,"column":null}},"type":"binary-expr","locations":[{"start":{"line":208,"column":0},"end":{"line":208,"column":null}},{"start":{"line":208,"column":0},"end":{"line":208,"column":null}}]}},"s":{"0":2,"1":2,"2":2,"3":2,"4":2,"5":2,"6":2,"7":2,"8":2,"9":2,"10":10,"11":4,"12":3,"13":1,"14":1,"15":18,"16":0,"17":18,"18":0,"19":0,"20":9,"21":0,"22":0,"23":0,"24":0,"25":0,"26":0,"27":0,"28":0,"29":0,"30":0,"31":0,"32":0,"33":0,"34":0,"35":0,"36":0,"37":0,"38":0,"39":0},"f":{"0":10,"1":1,"2":4,"3":18,"4":0,"5":0,"6":0,"7":0,"8":0,"9":0,"10":0,"11":0,"12":0,"13":0,"14":0,"15":0},"b":{"0":[3,1],"1":[0,18],"2":[18,0],"3":[0,9],"4":[18,18],"5":[0,0],"6":[0,0],"7":[0,0]}}
,"/Users/jarrydwebb/Dropbox (Sydney Uni Student)/university/semester_two_2021/3888c/repos/cp13-frontend/cp13/src/components/SurveyBuilder/BuilderQuestion.vue": {"path":"/Users/jarrydwebb/Dropbox (Sydney Uni Student)/university/semester_two_2021/3888c/repos/cp13-frontend/cp13/src/components/SurveyBuilder/BuilderQuestion.vue","statementMap":{"0":{"start":{"line":287,"column":0},"end":{"line":287,"column":null}},"1":{"start":{"line":289,"column":0},"end":{"line":289,"column":null}},"2":{"start":{"line":290,"column":0},"end":{"line":290,"column":null}},"3":{"start":{"line":291,"column":0},"end":{"line":291,"column":null}},"4":{"start":{"line":292,"column":0},"end":{"line":292,"column":null}},"5":{"start":{"line":294,"column":0},"end":{"line":294,"column":null}},"6":{"start":{"line":312,"column":0},"end":{"line":312,"column":null}},"7":{"start":{"line":316,"column":0},"end":{"line":316,"column":null}},"8":{"start":{"line":317,"column":0},"end":{"line":317,"column":null}},"9":{"start":{"line":323,"column":0},"end":{"line":323,"column":null}},"10":{"start":{"line":326,"column":0},"end":{"line":326,"column":null}},"11":{"start":{"line":332,"column":0},"end":{"line":332,"column":null}},"12":{"start":{"line":339,"column":0},"end":{"line":339,"column":null}},"13":{"start":{"line":342,"column":0},"end":{"line":342,"column":null}},"14":{"start":{"line":345,"column":0},"end":{"line":345,"column":null}},"15":{"start":{"line":351,"column":0},"end":{"line":351,"column":null}},"16":{"start":{"line":354,"column":0},"end":{"line":354,"column":null}},"17":{"start":{"line":360,"column":0},"end":{"line":360,"column":null}},"18":{"start":{"line":363,"column":0},"end":{"line":363,"column":null}},"19":{"start":{"line":369,"column":0},"end":{"line":369,"column":null}},"20":{"start":{"line":372,"column":0},"end":{"line":372,"column":null}},"21":{"start":{"line":373,"column":0},"end":{"line":379,"column":null}},"22":{"start":{"line":373,"column":0},"end":{"line":373,"column":null}},"23":{"start":{"line":378,"column":0},"end":{"line":378,"column":null}},"24":{"start":{"line":380,"column":0},"end":{"line":380,"column":null}},"25":{"start":{"line":385,"column":0},"end":{"line":387,"column":null}},"26":{"start":{"line":386,"column":0},"end":{"line":386,"column":null}},"27":{"start":{"line":389,"column":0},"end":{"line":389,"column":null}}},"fnMap":{"0":{"name":"(anonymous_1)","decl":{"start":{"line":311,"column":0},"end":{"line":311,"column":null}},"loc":{"start":{"line":311,"column":0},"end":{"line":313,"column":null}}},"1":{"name":"(anonymous_2)","decl":{"start":{"line":315,"column":0},"end":{"line":315,"column":null}},"loc":{"start":{"line":315,"column":0},"end":{"line":324,"column":null}}},"2":{"name":"(anonymous_3)","decl":{"start":{"line":325,"column":0},"end":{"line":325,"column":null}},"loc":{"start":{"line":325,"column":0},"end":{"line":330,"column":null}}},"3":{"name":"(anonymous_4)","decl":{"start":{"line":331,"column":0},"end":{"line":331,"column":null}},"loc":{"start":{"line":331,"column":0},"end":{"line":336,"column":null}}},"4":{"name":"(anonymous_5)","decl":{"start":{"line":338,"column":0},"end":{"line":338,"column":null}},"loc":{"start":{"line":338,"column":0},"end":{"line":340,"column":null}}},"5":{"name":"(anonymous_6)","decl":{"start":{"line":341,"column":0},"end":{"line":341,"column":null}},"loc":{"start":{"line":341,"column":0},"end":{"line":343,"column":null}}},"6":{"name":"(anonymous_7)","decl":{"start":{"line":344,"column":0},"end":{"line":344,"column":null}},"loc":{"start":{"line":344,"column":0},"end":{"line":352,"column":null}}},"7":{"name":"(anonymous_8)","decl":{"start":{"line":353,"column":0},"end":{"line":353,"column":null}},"loc":{"start":{"line":353,"column":0},"end":{"line":361,"column":null}}},"8":{"name":"(anonymous_9)","decl":{"start":{"line":362,"column":0},"end":{"line":362,"column":null}},"loc":{"start":{"line":362,"column":0},"end":{"line":370,"column":null}}},"9":{"name":"(anonymous_10)","decl":{"start":{"line":371,"column":0},"end":{"line":371,"column":null}},"loc":{"start":{"line":371,"column":0},"end":{"line":381,"column":null}}},"10":{"name":"(anonymous_11)","decl":{"start":{"line":384,"column":0},"end":{"line":384,"column":null}},"loc":{"start":{"line":384,"column":0},"end":{"line":390,"column":null}}}},"branchMap":{"0":{"loc":{"start":{"line":385,"column":0},"end":{"line":387,"column":null}},"type":"if","locations":[{"start":{"line":385,"column":0},"end":{"line":387,"column":null}},{"start":{"line":385,"column":0},"end":{"line":387,"column":null}}]}},"s":{"0":3,"1":3,"2":3,"3":3,"4":3,"5":3,"6":0,"7":0,"8":0,"9":0,"10":0,"11":0,"12":0,"13":0,"14":0,"15":0,"16":0,"17":0,"18":0,"19":0,"20":0,"21":0,"22":0,"23":0,"24":0,"25":0,"26":0,"27":0},"f":{"0":0,"1":0,"2":0,"3":0,"4":0,"5":0,"6":0,"7":0,"8":0,"9":0,"10":0},"b":{"0":[0,0]}}
,"/Users/jarrydwebb/Dropbox (Sydney Uni Student)/university/semester_two_2021/3888c/repos/cp13-frontend/cp13/src/components/SurveyBuilder/ButtonBase.vue": {"path":"/Users/jarrydwebb/Dropbox (Sydney Uni Student)/university/semester_two_2021/3888c/repos/cp13-frontend/cp13/src/components/SurveyBuilder/ButtonBase.vue","statementMap":{"0":{"start":{"line":25,"column":0},"end":{"line":25,"column":null}},"1":{"start":{"line":28,"column":0},"end":{"line":28,"column":null}},"2":{"start":{"line":31,"column":0},"end":{"line":31,"column":null}}},"fnMap":{"0":{"name":"(anonymous_1)","decl":{"start":{"line":24,"column":0},"end":{"line":24,"column":null}},"loc":{"start":{"line":24,"column":0},"end":{"line":26,"column":null}}},"1":{"name":"(anonymous_2)","decl":{"start":{"line":27,"column":0},"end":{"line":27,"column":null}},"loc":{"start":{"line":27,"column":0},"end":{"line":29,"column":null}}},"2":{"name":"(anonymous_3)","decl":{"start":{"line":30,"column":0},"end":{"line":30,"column":null}},"loc":{"start":{"line":30,"column":0},"end":{"line":32,"column":null}}}},"branchMap":{},"s":{"0":1,"1":1,"2":1},"f":{"0":1,"1":1,"2":1},"b":{}}
,"/Users/jarrydwebb/Dropbox (Sydney Uni Student)/university/semester_two_2021/3888c/repos/cp13-frontend/cp13/src/components/SurveyBuilder/DropdownBase.vue": {"path":"/Users/jarrydwebb/Dropbox (Sydney Uni Student)/university/semester_two_2021/3888c/repos/cp13-frontend/cp13/src/components/SurveyBuilder/DropdownBase.vue","statementMap":{"0":{"start":{"line":43,"column":0},"end":{"line":43,"column":null}},"1":{"start":{"line":54,"column":0},"end":{"line":54,"column":null}},"2":{"start":{"line":55,"column":0},"end":{"line":55,"column":null}},"3":{"start":{"line":56,"column":0},"end":{"line":56,"column":null}}},"fnMap":{"0":{"name":"(anonymous_1)","decl":{"start":{"line":42,"column":0},"end":{"line":42,"column":null}},"loc":{"start":{"line":42,"column":0},"end":{"line":51,"column":null}}},"1":{"name":"(anonymous_2)","decl":{"start":{"line":53,"column":0},"end":{"line":53,"column":null}},"loc":{"start":{"line":53,"column":0},"end":{"line":57,"column":null}}}},"branchMap":{"0":{"loc":{"start":{"line":44,"column":0},"end":{"line":44,"column":null}},"type":"cond-expr","locations":[{"start":{"line":44,"column":0},"end":{"line":44,"column":null}},{"start":{"line":44,"column":0},"end":{"line":44,"column":null}}]}},"s":{"0":2,"1":1,"2":1,"3":1},"f":{"0":2,"1":1},"b":{"0":[3,4]}}
,"/Users/jarrydwebb/Dropbox (Sydney Uni Student)/university/semester_two_2021/3888c/repos/cp13-frontend/cp13/src/components/SurveyBuilder/PanelOptionsArticles.vue": {"path":"/Users/jarrydwebb/Dropbox (Sydney Uni Student)/university/semester_two_2021/3888c/repos/cp13-frontend/cp13/src/components/SurveyBuilder/PanelOptionsArticles.vue","statementMap":{"0":{"start":{"line":43,"column":0},"end":{"line":43,"column":null}},"1":{"start":{"line":45,"column":0},"end":{"line":45,"column":null}},"2":{"start":{"line":46,"column":0},"end":{"line":46,"column":null}},"3":{"start":{"line":47,"column":0},"end":{"line":47,"column":null}},"4":{"start":{"line":48,"column":0},"end":{"line":48,"column":null}},"5":{"start":{"line":63,"column":0},"end":{"line":63,"column":null}},"6":{"start":{"line":69,"column":0},"end":{"line":69,"column":null}},"7":{"start":{"line":72,"column":0},"end":{"line":72,"column":null}},"8":{"start":{"line":74,"column":0},"end":{"line":74,"column":null}},"9":{"start":{"line":77,"column":0},"end":{"line":77,"column":null}},"10":{"start":{"line":79,"column":0},"end":{"line":79,"column":null}},"11":{"start":{"line":82,"column":0},"end":{"line":82,"column":null}},"12":{"start":{"line":84,"column":0},"end":{"line":84,"column":null}}},"fnMap":{"0":{"name":"(anonymous_1)","decl":{"start":{"line":62,"column":0},"end":{"line":62,"column":null}},"loc":{"start":{"line":62,"column":0},"end":{"line":70,"column":null}}},"1":{"name":"(anonymous_2)","decl":{"start":{"line":71,"column":0},"end":{"line":71,"column":null}},"loc":{"start":{"line":71,"column":0},"end":{"line":75,"column":null}}},"2":{"name":"(anonymous_3)","decl":{"start":{"line":76,"column":0},"end":{"line":76,"column":null}},"loc":{"start":{"line":76,"column":0},"end":{"line":80,"column":null}}},"3":{"name":"(anonymous_4)","decl":{"start":{"line":81,"column":0},"end":{"line":81,"column":null}},"loc":{"start":{"line":81,"column":0},"end":{"line":85,"column":null}}}},"branchMap":{},"s":{"0":2,"1":2,"2":2,"3":2,"4":2,"5":1,"6":1,"7":0,"8":0,"9":0,"10":0,"11":0,"12":0},"f":{"0":1,"1":0,"2":0,"3":0},"b":{}}
,"/Users/jarrydwebb/Dropbox (Sydney Uni Student)/university/semester_two_2021/3888c/repos/cp13-frontend/cp13/src/components/SurveyBuilder/PanelOptionsButtonRow.vue": {"path":"/Users/jarrydwebb/Dropbox (Sydney Uni Student)/university/semester_two_2021/3888c/repos/cp13-frontend/cp13/src/components/SurveyBuilder/PanelOptionsButtonRow.vue","statementMap":{"0":{"start":{"line":16,"column":0},"end":{"line":16,"column":null}},"1":{"start":{"line":18,"column":0},"end":{"line":18,"column":null}},"2":{"start":{"line":19,"column":0},"end":{"line":19,"column":null}},"3":{"start":{"line":33,"column":0},"end":{"line":34,"column":null}},"4":{"start":{"line":38,"column":0},"end":{"line":38,"column":null}},"5":{"start":{"line":44,"column":0},"end":{"line":44,"column":null}},"6":{"start":{"line":45,"column":0},"end":{"line":45,"column":null}},"7":{"start":{"line":47,"column":0},"end":{"line":47,"column":null}}},"fnMap":{"0":{"name":"(anonymous_1)","decl":{"start":{"line":32,"column":0},"end":{"line":32,"column":null}},"loc":{"start":{"line":32,"column":0},"end":{"line":42,"column":null}}},"1":{"name":"(anonymous_2)","decl":{"start":{"line":43,"column":0},"end":{"line":43,"column":null}},"loc":{"start":{"line":43,"column":0},"end":{"line":48,"column":null}}}},"branchMap":{},"s":{"0":1,"1":1,"2":1,"3":0,"4":0,"5":0,"6":0,"7":0},"f":{"0":0,"1":0},"b":{}}
,"/Users/jarrydwebb/Dropbox (Sydney Uni Student)/university/semester_two_2021/3888c/repos/cp13-frontend/cp13/src/components/SurveyBuilder/PanelOptionsDragAndDrop.vue": {"path":"/Users/jarrydwebb/Dropbox (Sydney Uni Student)/university/semester_two_2021/3888c/repos/cp13-frontend/cp13/src/components/SurveyBuilder/PanelOptionsDragAndDrop.vue","statementMap":{"0":{"start":{"line":42,"column":0},"end":{"line":42,"column":null}},"1":{"start":{"line":44,"column":0},"end":{"line":44,"column":null}}},"fnMap":{},"branchMap":{},"s":{"0":1,"1":1},"f":{},"b":{}}
,"/Users/jarrydwebb/Dropbox (Sydney Uni Student)/university/semester_two_2021/3888c/repos/cp13-frontend/cp13/src/components/SurveyBuilder/PanelOptionsMultipleChoice.vue": {"path":"/Users/jarrydwebb/Dropbox (Sydney Uni Student)/university/semester_two_2021/3888c/repos/cp13-frontend/cp13/src/components/SurveyBuilder/PanelOptionsMultipleChoice.vue","statementMap":{"0":{"start":{"line":87,"column":0},"end":{"line":87,"column":null}},"1":{"start":{"line":89,"column":0},"end":{"line":89,"column":null}},"2":{"start":{"line":90,"column":0},"end":{"line":90,"column":null}},"3":{"start":{"line":91,"column":0},"end":{"line":91,"column":null}},"4":{"start":{"line":106,"column":0},"end":{"line":107,"column":null}},"5":{"start":{"line":109,"column":0},"end":{"line":109,"column":null}},"6":{"start":{"line":115,"column":0},"end":{"line":115,"column":null}},"7":{"start":{"line":116,"column":0},"end":{"line":116,"column":null}},"8":{"start":{"line":118,"column":0},"end":{"line":118,"column":null}}},"fnMap":{"0":{"name":"(anonymous_1)","decl":{"start":{"line":105,"column":0},"end":{"line":105,"column":null}},"loc":{"start":{"line":105,"column":0},"end":{"line":113,"column":null}}},"1":{"name":"(anonymous_2)","decl":{"start":{"line":114,"column":0},"end":{"line":114,"column":null}},"loc":{"start":{"line":114,"column":0},"end":{"line":119,"column":null}}}},"branchMap":{},"s":{"0":1,"1":1,"2":1,"3":1,"4":0,"5":0,"6":0,"7":0,"8":0},"f":{"0":0,"1":0},"b":{}}
,"/Users/jarrydwebb/Dropbox (Sydney Uni Student)/university/semester_two_2021/3888c/repos/cp13-frontend/cp13/src/components/SurveyBuilder/PanelOptionsNumberScale.vue": {"path":"/Users/jarrydwebb/Dropbox (Sydney Uni Student)/university/semester_two_2021/3888c/repos/cp13-frontend/cp13/src/components/SurveyBuilder/PanelOptionsNumberScale.vue","statementMap":{"0":{"start":{"line":121,"column":0},"end":{"line":121,"column":null}},"1":{"start":{"line":122,"column":0},"end":{"line":122,"column":null}},"2":{"start":{"line":123,"column":0},"end":{"line":123,"column":null}}},"fnMap":{},"branchMap":{},"s":{"0":1,"1":1,"2":1},"f":{},"b":{}}
,"/Users/jarrydwebb/Dropbox (Sydney Uni Student)/university/semester_two_2021/3888c/repos/cp13-frontend/cp13/src/components/SurveyBuilder/PanelOptionsSurveyFlow.vue": {"path":"/Users/jarrydwebb/Dropbox (Sydney Uni Student)/university/semester_two_2021/3888c/repos/cp13-frontend/cp13/src/components/SurveyBuilder/PanelOptionsSurveyFlow.vue","statementMap":{"0":{"start":{"line":33,"column":0},"end":{"line":33,"column":null}},"1":{"start":{"line":34,"column":0},"end":{"line":34,"column":null}},"2":{"start":{"line":35,"column":0},"end":{"line":35,"column":null}},"3":{"start":{"line":36,"column":0},"end":{"line":36,"column":null}},"4":{"start":{"line":37,"column":0},"end":{"line":37,"column":null}},"5":{"start":{"line":38,"column":0},"end":{"line":38,"column":null}}},"fnMap":{},"branchMap":{},"s":{"0":1,"1":1,"2":1,"3":1,"4":1,"5":1},"f":{},"b":{}}
,"/Users/jarrydwebb/Dropbox (Sydney Uni Student)/university/semester_two_2021/3888c/repos/cp13-frontend/cp13/src/components/SurveyBuilder/PanelOptionsTextEntry.vue": {"path":"/Users/jarrydwebb/Dropbox (Sydney Uni Student)/university/semester_two_2021/3888c/repos/cp13-frontend/cp13/src/components/SurveyBuilder/PanelOptionsTextEntry.vue","statementMap":{"0":{"start":{"line":87,"column":0},"end":{"line":87,"column":null}},"1":{"start":{"line":88,"column":0},"end":{"line":88,"column":null}},"2":{"start":{"line":89,"column":0},"end":{"line":89,"column":null}},"3":{"start":{"line":90,"column":0},"end":{"line":90,"column":null}},"4":{"start":{"line":91,"column":0},"end":{"line":91,"column":null}},"5":{"start":{"line":111,"column":0},"end":{"line":111,"column":null}}},"fnMap":{"0":{"name":"(anonymous_1)","decl":{"start":{"line":110,"column":0},"end":{"line":110,"column":null}},"loc":{"start":{"line":110,"column":0},"end":{"line":115,"column":null}}}},"branchMap":{},"s":{"0":2,"1":2,"2":2,"3":2,"4":2,"5":0},"f":{"0":0},"b":{}}
,"/Users/jarrydwebb/Dropbox (Sydney Uni Student)/university/semester_two_2021/3888c/repos/cp13-frontend/cp13/src/components/SurveyBuilder/PostFacebookEditable.vue": {"path":"/Users/jarrydwebb/Dropbox (Sydney Uni Student)/university/semester_two_2021/3888c/repos/cp13-frontend/cp13/src/components/SurveyBuilder/PostFacebookEditable.vue","statementMap":{"0":{"start":{"line":14,"column":0},"end":{"line":14,"column":null}},"1":{"start":{"line":15,"column":0},"end":{"line":15,"column":null}},"2":{"start":{"line":25,"column":0},"end":{"line":25,"column":null}},"3":{"start":{"line":31,"column":0},"end":{"line":31,"column":null}},"4":{"start":{"line":36,"column":0},"end":{"line":36,"column":null}},"5":{"start":{"line":42,"column":0},"end":{"line":42,"column":null}},"6":{"start":{"line":49,"column":0},"end":{"line":54,"column":null}},"7":{"start":{"line":53,"column":0},"end":{"line":53,"column":null}},"8":{"start":{"line":56,"column":0},"end":{"line":56,"column":null}}},"fnMap":{"0":{"name":"(anonymous_1)","decl":{"start":{"line":24,"column":0},"end":{"line":24,"column":null}},"loc":{"start":{"line":24,"column":0},"end":{"line":34,"column":null}}},"1":{"name":"(anonymous_2)","decl":{"start":{"line":35,"column":0},"end":{"line":35,"column":null}},"loc":{"start":{"line":35,"column":0},"end":{"line":45,"column":null}}},"2":{"name":"(anonymous_3)","decl":{"start":{"line":48,"column":0},"end":{"line":48,"column":null}},"loc":{"start":{"line":48,"column":0},"end":{"line":57,"column":null}}}},"branchMap":{"0":{"loc":{"start":{"line":49,"column":0},"end":{"line":54,"column":null}},"type":"if","locations":[{"start":{"line":49,"column":0},"end":{"line":54,"column":null}},{"start":{"line":49,"column":0},"end":{"line":54,"column":null}}]},"1":{"loc":{"start":{"line":49,"column":0},"end":{"line":49,"column":null}},"type":"binary-expr","locations":[{"start":{"line":49,"column":0},"end":{"line":49,"column":null}},{"start":{"line":49,"column":0},"end":{"line":49,"column":null}}]}},"s":{"0":5,"1":5,"2":0,"3":0,"4":0,"5":0,"6":0,"7":0,"8":0},"f":{"0":0,"1":0,"2":0},"b":{"0":[0,0],"1":[0,0]}}
,"/Users/jarrydwebb/Dropbox (Sydney Uni Student)/university/semester_two_2021/3888c/repos/cp13-frontend/cp13/src/components/SurveyBuilder/PostTwitterEditable.vue": {"path":"/Users/jarrydwebb/Dropbox (Sydney Uni Student)/university/semester_two_2021/3888c/repos/cp13-frontend/cp13/src/components/SurveyBuilder/PostTwitterEditable.vue","statementMap":{"0":{"start":{"line":16,"column":0},"end":{"line":16,"column":null}},"1":{"start":{"line":17,"column":0},"end":{"line":17,"column":null}},"2":{"start":{"line":27,"column":0},"end":{"line":27,"column":null}},"3":{"start":{"line":33,"column":0},"end":{"line":33,"column":null}},"4":{"start":{"line":38,"column":0},"end":{"line":38,"column":null}},"5":{"start":{"line":44,"column":0},"end":{"line":44,"column":null}},"6":{"start":{"line":49,"column":0},"end":{"line":49,"column":null}},"7":{"start":{"line":55,"column":0},"end":{"line":55,"column":null}},"8":{"start":{"line":62,"column":0},"end":{"line":67,"column":null}},"9":{"start":{"line":66,"column":0},"end":{"line":66,"column":null}},"10":{"start":{"line":69,"column":0},"end":{"line":69,"column":null}}},"fnMap":{"0":{"name":"(anonymous_1)","decl":{"start":{"line":26,"column":0},"end":{"line":26,"column":null}},"loc":{"start":{"line":26,"column":0},"end":{"line":36,"column":null}}},"1":{"name":"(anonymous_2)","decl":{"start":{"line":37,"column":0},"end":{"line":37,"column":null}},"loc":{"start":{"line":37,"column":0},"end":{"line":47,"column":null}}},"2":{"name":"(anonymous_3)","decl":{"start":{"line":48,"column":0},"end":{"line":48,"column":null}},"loc":{"start":{"line":48,"column":0},"end":{"line":58,"column":null}}},"3":{"name":"(anonymous_4)","decl":{"start":{"line":61,"column":0},"end":{"line":61,"column":null}},"loc":{"start":{"line":61,"column":0},"end":{"line":70,"column":null}}}},"branchMap":{"0":{"loc":{"start":{"line":62,"column":0},"end":{"line":67,"column":null}},"type":"if","locations":[{"start":{"line":62,"column":0},"end":{"line":67,"column":null}},{"start":{"line":62,"column":0},"end":{"line":67,"column":null}}]},"1":{"loc":{"start":{"line":62,"column":0},"end":{"line":62,"column":null}},"type":"binary-expr","locations":[{"start":{"line":62,"column":0},"end":{"line":62,"column":null}},{"start":{"line":62,"column":0},"end":{"line":62,"column":null}}]}},"s":{"0":5,"1":5,"2":0,"3":0,"4":0,"5":0,"6":0,"7":0,"8":0,"9":0,"10":0},"f":{"0":0,"1":0,"2":0,"3":0},"b":{"0":[0,0],"1":[0,0]}}
,"/Users/jarrydwebb/Dropbox (Sydney Uni Student)/university/semester_two_2021/3888c/repos/cp13-frontend/cp13/src/components/SurveyBuilder/QuestionContentArticles.vue": {"path":"/Users/jarrydwebb/Dropbox (Sydney Uni Student)/university/semester_two_2021/3888c/repos/cp13-frontend/cp13/src/components/SurveyBuilder/QuestionContentArticles.vue","statementMap":{"0":{"start":{"line":106,"column":0},"end":{"line":106,"column":null}},"1":{"start":{"line":108,"column":0},"end":{"line":108,"column":null}},"2":{"start":{"line":109,"column":0},"end":{"line":109,"column":null}},"3":{"start":{"line":110,"column":0},"end":{"line":110,"column":null}},"4":{"start":{"line":111,"column":0},"end":{"line":111,"column":null}},"5":{"start":{"line":113,"column":0},"end":{"line":113,"column":null}},"6":{"start":{"line":114,"column":0},"end":{"line":114,"column":null}},"7":{"start":{"line":130,"column":0},"end":{"line":130,"column":null}},"8":{"start":{"line":141,"column":0},"end":{"line":141,"column":null}},"9":{"start":{"line":144,"column":0},"end":{"line":144,"column":null}},"10":{"start":{"line":150,"column":0},"end":{"line":150,"column":null}},"11":{"start":{"line":153,"column":0},"end":{"line":153,"column":null}},"12":{"start":{"line":157,"column":0},"end":{"line":157,"column":null}},"13":{"start":{"line":159,"column":0},"end":{"line":159,"column":null}},"14":{"start":{"line":163,"column":0},"end":{"line":163,"column":null}},"15":{"start":{"line":165,"column":0},"end":{"line":165,"column":null}},"16":{"start":{"line":174,"column":0},"end":{"line":174,"column":null}},"17":{"start":{"line":177,"column":0},"end":{"line":177,"column":null}},"18":{"start":{"line":183,"column":0},"end":{"line":183,"column":null}},"19":{"start":{"line":186,"column":0},"end":{"line":186,"column":null}},"20":{"start":{"line":192,"column":0},"end":{"line":192,"column":null}},"21":{"start":{"line":195,"column":0},"end":{"line":195,"column":null}},"22":{"start":{"line":201,"column":0},"end":{"line":201,"column":null}},"23":{"start":{"line":204,"column":0},"end":{"line":204,"column":null}}},"fnMap":{"0":{"name":"(anonymous_1)","decl":{"start":{"line":129,"column":0},"end":{"line":129,"column":null}},"loc":{"start":{"line":129,"column":0},"end":{"line":138,"column":null}}},"1":{"name":"(anonymous_2)","decl":{"start":{"line":140,"column":0},"end":{"line":140,"column":null}},"loc":{"start":{"line":140,"column":0},"end":{"line":142,"column":null}}},"2":{"name":"(anonymous_3)","decl":{"start":{"line":143,"column":0},"end":{"line":143,"column":null}},"loc":{"start":{"line":143,"column":0},"end":{"line":151,"column":null}}},"3":{"name":"(anonymous_4)","decl":{"start":{"line":152,"column":0},"end":{"line":152,"column":null}},"loc":{"start":{"line":152,"column":0},"end":{"line":175,"column":null}}},"4":{"name":"(anonymous_5)","decl":{"start":{"line":159,"column":0},"end":{"line":159,"column":null}},"loc":{"start":{"line":159,"column":0},"end":{"line":159,"column":null}}},"5":{"name":"(anonymous_6)","decl":{"start":{"line":176,"column":0},"end":{"line":176,"column":null}},"loc":{"start":{"line":176,"column":0},"end":{"line":184,"column":null}}},"6":{"name":"(anonymous_7)","decl":{"start":{"line":185,"column":0},"end":{"line":185,"column":null}},"loc":{"start":{"line":185,"column":0},"end":{"line":193,"column":null}}},"7":{"name":"(anonymous_8)","decl":{"start":{"line":194,"column":0},"end":{"line":194,"column":null}},"loc":{"start":{"line":194,"column":0},"end":{"line":202,"column":null}}},"8":{"name":"(anonymous_9)","decl":{"start":{"line":203,"column":0},"end":{"line":203,"column":null}},"loc":{"start":{"line":203,"column":0},"end":{"line":205,"column":null}}}},"branchMap":{},"s":{"0":4,"1":4,"2":4,"3":4,"4":4,"5":4,"6":4,"7":2,"8":1,"9":0,"10":0,"11":0,"12":0,"13":0,"14":0,"15":0,"16":0,"17":0,"18":0,"19":0,"20":0,"21":0,"22":0,"23":1},"f":{"0":2,"1":1,"2":0,"3":0,"4":0,"5":0,"6":0,"7":0,"8":1},"b":{}}
,"/Users/jarrydwebb/Dropbox (Sydney Uni Student)/university/semester_two_2021/3888c/repos/cp13-frontend/cp13/src/components/SurveyBuilder/RandomElement.vue": {"path":"/Users/jarrydwebb/Dropbox (Sydney Uni Student)/university/semester_two_2021/3888c/repos/cp13-frontend/cp13/src/components/SurveyBuilder/RandomElement.vue","statementMap":{"0":{"start":{"line":31,"column":0},"end":{"line":31,"column":null}},"1":{"start":{"line":32,"column":0},"end":{"line":32,"column":null}},"2":{"start":{"line":33,"column":0},"end":{"line":33,"column":null}},"3":{"start":{"line":35,"column":0},"end":{"line":35,"column":null}},"4":{"start":{"line":46,"column":0},"end":{"line":46,"column":null}},"5":{"start":{"line":47,"column":0},"end":{"line":47,"column":null}},"6":{"start":{"line":48,"column":0},"end":{"line":48,"column":null}},"7":{"start":{"line":51,"column":0},"end":{"line":51,"column":null}},"8":{"start":{"line":55,"column":0},"end":{"line":57,"column":null}},"9":{"start":{"line":56,"column":0},"end":{"line":56,"column":null}},"10":{"start":{"line":58,"column":0},"end":{"line":58,"column":null}},"11":{"start":{"line":60,"column":0},"end":{"line":60,"column":null}}},"fnMap":{"0":{"name":"(anonymous_1)","decl":{"start":{"line":45,"column":0},"end":{"line":45,"column":null}},"loc":{"start":{"line":45,"column":0},"end":{"line":49,"column":null}}},"1":{"name":"(anonymous_2)","decl":{"start":{"line":50,"column":0},"end":{"line":50,"column":null}},"loc":{"start":{"line":50,"column":0},"end":{"line":52,"column":null}}},"2":{"name":"(anonymous_3)","decl":{"start":{"line":53,"column":0},"end":{"line":53,"column":null}},"loc":{"start":{"line":53,"column":0},"end":{"line":61,"column":null}}},"3":{"name":"compare","decl":{"start":{"line":54,"column":0},"end":{"line":54,"column":null}},"loc":{"start":{"line":54,"column":0},"end":{"line":59,"column":null}}}},"branchMap":{"0":{"loc":{"start":{"line":55,"column":0},"end":{"line":57,"column":null}},"type":"if","locations":[{"start":{"line":55,"column":0},"end":{"line":57,"column":null}},{"start":{"line":55,"column":0},"end":{"line":57,"column":null}}]}},"s":{"0":1,"1":1,"2":1,"3":1,"4":0,"5":0,"6":0,"7":0,"8":0,"9":0,"10":0,"11":0},"f":{"0":0,"1":0,"2":0,"3":0},"b":{"0":[0,0]}}
,"/Users/jarrydwebb/Dropbox (Sydney Uni Student)/university/semester_two_2021/3888c/repos/cp13-frontend/cp13/src/components/SurveyBuilder/TextArea.vue": {"path":"/Users/jarrydwebb/Dropbox (Sydney Uni Student)/university/semester_two_2021/3888c/repos/cp13-frontend/cp13/src/components/SurveyBuilder/TextArea.vue","statementMap":{"0":{"start":{"line":16,"column":0},"end":{"line":16,"column":null}},"1":{"start":{"line":26,"column":0},"end":{"line":26,"column":null}}},"fnMap":{"0":{"name":"(anonymous_1)","decl":{"start":{"line":15,"column":0},"end":{"line":15,"column":null}},"loc":{"start":{"line":15,"column":0},"end":{"line":19,"column":null}}},"1":{"name":"(anonymous_2)","decl":{"start":{"line":25,"column":0},"end":{"line":25,"column":null}},"loc":{"start":{"line":25,"column":0},"end":{"line":27,"column":null}}}},"branchMap":{"0":{"loc":{"start":{"line":17,"column":0},"end":{"line":17,"column":null}},"type":"cond-expr","locations":[{"start":{"line":17,"column":0},"end":{"line":17,"column":null}},{"start":{"line":17,"column":0},"end":{"line":17,"column":null}}]}},"s":{"0":2,"1":2},"f":{"0":2,"1":2},"b":{"0":[2,0]}}
,"/Users/jarrydwebb/Dropbox (Sydney Uni Student)/university/semester_two_2021/3888c/repos/cp13-frontend/cp13/src/components/SurveyBuilder/TextBox.vue": {"path":"/Users/jarrydwebb/Dropbox (Sydney Uni Student)/university/semester_two_2021/3888c/repos/cp13-frontend/cp13/src/components/SurveyBuilder/TextBox.vue","statementMap":{"0":{"start":{"line":18,"column":0},"end":{"line":18,"column":null}},"1":{"start":{"line":19,"column":0},"end":{"line":19,"column":null}},"2":{"start":{"line":31,"column":0},"end":{"line":31,"column":null}},"3":{"start":{"line":32,"column":0},"end":{"line":32,"column":null}},"4":{"start":{"line":38,"column":0},"end":{"line":38,"column":null}},"5":{"start":{"line":41,"column":0},"end":{"line":41,"column":null}}},"fnMap":{"0":{"name":"(anonymous_1)","decl":{"start":{"line":17,"column":0},"end":{"line":17,"column":null}},"loc":{"start":{"line":17,"column":0},"end":{"line":22,"column":null}}},"1":{"name":"(anonymous_2)","decl":{"start":{"line":30,"column":0},"end":{"line":30,"column":null}},"loc":{"start":{"line":30,"column":0},"end":{"line":33,"column":null}}},"2":{"name":"(anonymous_3)","decl":{"start":{"line":37,"column":0},"end":{"line":37,"column":null}},"loc":{"start":{"line":37,"column":0},"end":{"line":39,"column":null}}},"3":{"name":"(anonymous_4)","decl":{"start":{"line":40,"column":0},"end":{"line":40,"column":null}},"loc":{"start":{"line":40,"column":0},"end":{"line":42,"column":null}}}},"branchMap":{},"s":{"0":1,"1":1,"2":1,"3":1,"4":1,"5":1},"f":{"0":1,"1":1,"2":1,"3":1},"b":{}}
,"/Users/jarrydwebb/Dropbox (Sydney Uni Student)/university/semester_two_2021/3888c/repos/cp13-frontend/cp13/src/components/SurveyBuilder/TextBoxNum.vue": {"path":"/Users/jarrydwebb/Dropbox (Sydney Uni Student)/university/semester_two_2021/3888c/repos/cp13-frontend/cp13/src/components/SurveyBuilder/TextBoxNum.vue","statementMap":{"0":{"start":{"line":15,"column":0},"end":{"line":15,"column":null}},"1":{"start":{"line":21,"column":0},"end":{"line":21,"column":null}},"2":{"start":{"line":22,"column":0},"end":{"line":22,"column":null}},"3":{"start":{"line":33,"column":0},"end":{"line":33,"column":null}},"4":{"start":{"line":34,"column":0},"end":{"line":34,"column":null}},"5":{"start":{"line":37,"column":0},"end":{"line":37,"column":null}},"6":{"start":{"line":38,"column":0},"end":{"line":38,"column":null}},"7":{"start":{"line":41,"column":0},"end":{"line":41,"column":null}},"8":{"start":{"line":42,"column":0},"end":{"line":42,"column":null}},"9":{"start":{"line":48,"column":0},"end":{"line":48,"column":null}},"10":{"start":{"line":51,"column":0},"end":{"line":51,"column":null}}},"fnMap":{"0":{"name":"(anonymous_1)","decl":{"start":{"line":19,"column":0},"end":{"line":19,"column":null}},"loc":{"start":{"line":19,"column":0},"end":{"line":25,"column":null}}},"1":{"name":"(anonymous_2)","decl":{"start":{"line":32,"column":0},"end":{"line":32,"column":null}},"loc":{"start":{"line":32,"column":0},"end":{"line":35,"column":null}}},"2":{"name":"(anonymous_3)","decl":{"start":{"line":36,"column":0},"end":{"line":36,"column":null}},"loc":{"start":{"line":36,"column":0},"end":{"line":39,"column":null}}},"3":{"name":"(anonymous_4)","decl":{"start":{"line":40,"column":0},"end":{"line":40,"column":null}},"loc":{"start":{"line":40,"column":0},"end":{"line":43,"column":null}}},"4":{"name":"(anonymous_5)","decl":{"start":{"line":47,"column":0},"end":{"line":47,"column":null}},"loc":{"start":{"line":47,"column":0},"end":{"line":49,"column":null}}},"5":{"name":"(anonymous_6)","decl":{"start":{"line":50,"column":0},"end":{"line":50,"column":null}},"loc":{"start":{"line":50,"column":0},"end":{"line":52,"column":null}}}},"branchMap":{},"s":{"0":3,"1":4,"2":4,"3":1,"4":1,"5":1,"6":1,"7":1,"8":1,"9":5,"10":1},"f":{"0":4,"1":1,"2":1,"3":1,"4":5,"5":1},"b":{}}
,"/Users/jarrydwebb/Dropbox (Sydney Uni Student)/university/semester_two_2021/3888c/repos/cp13-frontend/cp13/src/components/SurveyBuilder/TheFlowEditor.vue": {"path":"/Users/jarrydwebb/Dropbox (Sydney Uni Student)/university/semester_two_2021/3888c/repos/cp13-frontend/cp13/src/components/SurveyBuilder/TheFlowEditor.vue","statementMap":{"0":{"start":{"line":124,"column":0},"end":{"line":124,"column":null}},"1":{"start":{"line":125,"column":0},"end":{"line":125,"column":null}},"2":{"start":{"line":126,"column":0},"end":{"line":126,"column":null}},"3":{"start":{"line":127,"column":0},"end":{"line":127,"column":null}},"4":{"start":{"line":129,"column":0},"end":{"line":129,"column":null}},"5":{"start":{"line":130,"column":0},"end":{"line":130,"column":null}},"6":{"start":{"line":131,"column":0},"end":{"line":131,"column":null}},"7":{"start":{"line":132,"column":0},"end":{"line":132,"column":null}},"8":{"start":{"line":147,"column":0},"end":{"line":147,"column":null}},"9":{"start":{"line":150,"column":0},"end":{"line":178,"column":null}},"10":{"start":{"line":150,"column":0},"end":{"line":150,"column":null}},"11":{"start":{"line":152,"column":0},"end":{"line":158,"column":null}},"12":{"start":{"line":156,"column":0},"end":{"line":156,"column":null}},"13":{"start":{"line":157,"column":0},"end":{"line":157,"column":null}},"14":{"start":{"line":161,"column":0},"end":{"line":161,"column":null}},"15":{"start":{"line":164,"column":0},"end":{"line":164,"column":null}},"16":{"start":{"line":170,"column":0},"end":{"line":170,"column":null}},"17":{"start":{"line":174,"column":0},"end":{"line":174,"column":null}},"18":{"start":{"line":181,"column":0},"end":{"line":181,"column":null}},"19":{"start":{"line":182,"column":0},"end":{"line":190,"column":null}},"20":{"start":{"line":182,"column":0},"end":{"line":182,"column":null}},"21":{"start":{"line":183,"column":0},"end":{"line":189,"column":null}},"22":{"start":{"line":184,"column":0},"end":{"line":184,"column":null}},"23":{"start":{"line":185,"column":0},"end":{"line":189,"column":null}},"24":{"start":{"line":186,"column":0},"end":{"line":186,"column":null}},"25":{"start":{"line":188,"column":0},"end":{"line":188,"column":null}},"26":{"start":{"line":192,"column":0},"end":{"line":192,"column":null}},"27":{"start":{"line":196,"column":0},"end":{"line":196,"column":null}},"28":{"start":{"line":198,"column":0},"end":{"line":198,"column":null}},"29":{"start":{"line":205,"column":0},"end":{"line":212,"column":null}},"30":{"start":{"line":210,"column":0},"end":{"line":210,"column":null}},"31":{"start":{"line":211,"column":0},"end":{"line":211,"column":null}},"32":{"start":{"line":215,"column":0},"end":{"line":215,"column":null}},"33":{"start":{"line":216,"column":0},"end":{"line":216,"column":null}},"34":{"start":{"line":219,"column":0},"end":{"line":219,"column":null}},"35":{"start":{"line":223,"column":0},"end":{"line":225,"column":null}},"36":{"start":{"line":224,"column":0},"end":{"line":224,"column":null}},"37":{"start":{"line":226,"column":0},"end":{"line":226,"column":null}},"38":{"start":{"line":228,"column":0},"end":{"line":228,"column":null}},"39":{"start":{"line":231,"column":0},"end":{"line":231,"column":null}},"40":{"start":{"line":235,"column":0},"end":{"line":235,"column":null}},"41":{"start":{"line":238,"column":0},"end":{"line":238,"column":null}}},"fnMap":{"0":{"name":"(anonymous_1)","decl":{"start":{"line":146,"column":0},"end":{"line":146,"column":null}},"loc":{"start":{"line":146,"column":0},"end":{"line":193,"column":null}}},"1":{"name":"(anonymous_2)","decl":{"start":{"line":161,"column":0},"end":{"line":161,"column":null}},"loc":{"start":{"line":161,"column":0},"end":{"line":161,"column":null}}},"2":{"name":"(anonymous_3)","decl":{"start":{"line":170,"column":0},"end":{"line":170,"column":null}},"loc":{"start":{"line":170,"column":0},"end":{"line":170,"column":null}}},"3":{"name":"(anonymous_4)","decl":{"start":{"line":195,"column":0},"end":{"line":195,"column":null}},"loc":{"start":{"line":195,"column":0},"end":{"line":202,"column":null}}},"4":{"name":"(anonymous_5)","decl":{"start":{"line":198,"column":0},"end":{"line":198,"column":null}},"loc":{"start":{"line":198,"column":0},"end":{"line":198,"column":null}}},"5":{"name":"(anonymous_6)","decl":{"start":{"line":204,"column":0},"end":{"line":204,"column":null}},"loc":{"start":{"line":204,"column":0},"end":{"line":213,"column":null}}},"6":{"name":"(anonymous_7)","decl":{"start":{"line":214,"column":0},"end":{"line":214,"column":null}},"loc":{"start":{"line":214,"column":0},"end":{"line":217,"column":null}}},"7":{"name":"(anonymous_8)","decl":{"start":{"line":218,"column":0},"end":{"line":218,"column":null}},"loc":{"start":{"line":218,"column":0},"end":{"line":220,"column":null}}},"8":{"name":"(anonymous_9)","decl":{"start":{"line":221,"column":0},"end":{"line":221,"column":null}},"loc":{"start":{"line":221,"column":0},"end":{"line":229,"column":null}}},"9":{"name":"compare","decl":{"start":{"line":222,"column":0},"end":{"line":222,"column":null}},"loc":{"start":{"line":222,"column":0},"end":{"line":227,"column":null}}},"10":{"name":"(anonymous_11)","decl":{"start":{"line":230,"column":0},"end":{"line":230,"column":null}},"loc":{"start":{"line":230,"column":0},"end":{"line":232,"column":null}}},"11":{"name":"(anonymous_12)","decl":{"start":{"line":234,"column":0},"end":{"line":234,"column":null}},"loc":{"start":{"line":234,"column":0},"end":{"line":236,"column":null}}},"12":{"name":"(anonymous_13)","decl":{"start":{"line":237,"column":0},"end":{"line":237,"column":null}},"loc":{"start":{"line":237,"column":0},"end":{"line":239,"column":null}}}},"branchMap":{"0":{"loc":{"start":{"line":152,"column":0},"end":{"line":158,"column":null}},"type":"if","locations":[{"start":{"line":152,"column":0},"end":{"line":158,"column":null}},{"start":{"line":152,"column":0},"end":{"line":158,"column":null}}]},"1":{"loc":{"start":{"line":152,"column":0},"end":{"line":152,"column":null}},"type":"binary-expr","locations":[{"start":{"line":152,"column":0},"end":{"line":152,"column":null}},{"start":{"line":152,"column":0},"end":{"line":152,"column":null}}]},"2":{"loc":{"start":{"line":183,"column":0},"end":{"line":189,"column":null}},"type":"if","locations":[{"start":{"line":183,"column":0},"end":{"line":189,"column":null}},{"start":{"line":183,"column":0},"end":{"line":189,"column":null}}]},"3":{"loc":{"start":{"line":185,"column":0},"end":{"line":189,"column":null}},"type":"if","locations":[{"start":{"line":185,"column":0},"end":{"line":189,"column":null}},{"start":{"line":185,"column":0},"end":{"line":189,"column":null}}]},"4":{"loc":{"start":{"line":205,"column":0},"end":{"line":212,"column":null}},"type":"if","locations":[{"start":{"line":205,"column":0},"end":{"line":212,"column":null}},{"start":{"line":205,"column":0},"end":{"line":212,"column":null}}]},"5":{"loc":{"start":{"line":223,"column":0},"end":{"line":225,"column":null}},"type":"if","locations":[{"start":{"line":223,"column":0},"end":{"line":225,"column":null}},{"start":{"line":223,"column":0},"end":{"line":225,"column":null}}]}},"s":{"0":1,"1":1,"2":1,"3":1,"4":1,"5":1,"6":1,"7":1,"8":0,"9":0,"10":0,"11":0,"12":0,"13":0,"14":0,"15":0,"16":0,"17":0,"18":0,"19":0,"20":0,"21":0,"22":0,"23":0,"24":0,"25":0,"26":0,"27":0,"28":0,"29":0,"30":0,"31":0,"32":0,"33":0,"34":0,"35":0,"36":0,"37":0,"38":0,"39":0,"40":0,"41":0},"f":{"0":0,"1":0,"2":0,"3":0,"4":0,"5":0,"6":0,"7":0,"8":0,"9":0,"10":0,"11":0,"12":0},"b":{"0":[0,0],"1":[0,0],"2":[0,0],"3":[0,0],"4":[0,0],"5":[0,0]}}
,"/Users/jarrydwebb/Dropbox (Sydney Uni Student)/university/semester_two_2021/3888c/repos/cp13-frontend/cp13/src/components/SurveyBuilder/ThePanelBase.vue": {"path":"/Users/jarrydwebb/Dropbox (Sydney Uni Student)/university/semester_two_2021/3888c/repos/cp13-frontend/cp13/src/components/SurveyBuilder/ThePanelBase.vue","statementMap":{"0":{"start":{"line":69,"column":0},"end":{"line":69,"column":null}},"1":{"start":{"line":71,"column":0},"end":{"line":71,"column":null}},"2":{"start":{"line":72,"column":0},"end":{"line":72,"column":null}},"3":{"start":{"line":73,"column":0},"end":{"line":73,"column":null}},"4":{"start":{"line":74,"column":0},"end":{"line":74,"column":null}},"5":{"start":{"line":75,"column":0},"end":{"line":75,"column":null}},"6":{"start":{"line":76,"column":0},"end":{"line":76,"column":null}},"7":{"start":{"line":78,"column":0},"end":{"line":78,"column":null}},"8":{"start":{"line":79,"column":0},"end":{"line":79,"column":null}},"9":{"start":{"line":80,"column":0},"end":{"line":80,"column":null}},"10":{"start":{"line":81,"column":0},"end":{"line":81,"column":null}},"11":{"start":{"line":82,"column":0},"end":{"line":82,"column":null}},"12":{"start":{"line":107,"column":0},"end":{"line":107,"column":null}},"13":{"start":{"line":113,"column":0},"end":{"line":113,"column":null}},"14":{"start":{"line":118,"column":0},"end":{"line":118,"column":null}},"15":{"start":{"line":123,"column":0},"end":{"line":125,"column":null}},"16":{"start":{"line":124,"column":0},"end":{"line":124,"column":null}},"17":{"start":{"line":127,"column":0},"end":{"line":129,"column":null}},"18":{"start":{"line":128,"column":0},"end":{"line":128,"column":null}},"19":{"start":{"line":132,"column":0},"end":{"line":136,"column":null}},"20":{"start":{"line":133,"column":0},"end":{"line":135,"column":null}},"21":{"start":{"line":134,"column":0},"end":{"line":134,"column":null}},"22":{"start":{"line":138,"column":0},"end":{"line":138,"column":null}},"23":{"start":{"line":141,"column":0},"end":{"line":146,"column":null}},"24":{"start":{"line":145,"column":0},"end":{"line":145,"column":null}},"25":{"start":{"line":148,"column":0},"end":{"line":152,"column":null}},"26":{"start":{"line":151,"column":0},"end":{"line":151,"column":null}},"27":{"start":{"line":154,"column":0},"end":{"line":154,"column":null}},"28":{"start":{"line":158,"column":0},"end":{"line":161,"column":null}},"29":{"start":{"line":160,"column":0},"end":{"line":160,"column":null}},"30":{"start":{"line":164,"column":0},"end":{"line":164,"column":null}}},"fnMap":{"0":{"name":"(anonymous_1)","decl":{"start":{"line":106,"column":0},"end":{"line":106,"column":null}},"loc":{"start":{"line":106,"column":0},"end":{"line":111,"column":null}}},"1":{"name":"(anonymous_2)","decl":{"start":{"line":112,"column":0},"end":{"line":112,"column":null}},"loc":{"start":{"line":112,"column":0},"end":{"line":119,"column":null}}},"2":{"name":"(anonymous_3)","decl":{"start":{"line":122,"column":0},"end":{"line":122,"column":null}},"loc":{"start":{"line":122,"column":0},"end":{"line":139,"column":null}}},"3":{"name":"(anonymous_4)","decl":{"start":{"line":127,"column":0},"end":{"line":127,"column":null}},"loc":{"start":{"line":127,"column":0},"end":{"line":129,"column":null}}},"4":{"name":"(anonymous_5)","decl":{"start":{"line":133,"column":0},"end":{"line":133,"column":null}},"loc":{"start":{"line":133,"column":0},"end":{"line":135,"column":null}}},"5":{"name":"(anonymous_6)","decl":{"start":{"line":140,"column":0},"end":{"line":140,"column":null}},"loc":{"start":{"line":140,"column":0},"end":{"line":155,"column":null}}},"6":{"name":"(anonymous_7)","decl":{"start":{"line":148,"column":0},"end":{"line":148,"column":null}},"loc":{"start":{"line":148,"column":0},"end":{"line":152,"column":null}}},"7":{"name":"(anonymous_8)","decl":{"start":{"line":156,"column":0},"end":{"line":156,"column":null}},"loc":{"start":{"line":156,"column":0},"end":{"line":165,"column":null}}}},"branchMap":{"0":{"loc":{"start":{"line":123,"column":0},"end":{"line":125,"column":null}},"type":"if","locations":[{"start":{"line":123,"column":0},"end":{"line":125,"column":null}},{"start":{"line":123,"column":0},"end":{"line":125,"column":null}}]},"1":{"loc":{"start":{"line":132,"column":0},"end":{"line":136,"column":null}},"type":"if","locations":[{"start":{"line":132,"column":0},"end":{"line":136,"column":null}},{"start":{"line":132,"column":0},"end":{"line":136,"column":null}}]},"2":{"loc":{"start":{"line":141,"column":0},"end":{"line":146,"column":null}},"type":"if","locations":[{"start":{"line":141,"column":0},"end":{"line":146,"column":null}},{"start":{"line":141,"column":0},"end":{"line":146,"column":null}}]},"3":{"loc":{"start":{"line":141,"column":0},"end":{"line":141,"column":null}},"type":"binary-expr","locations":[{"start":{"line":141,"column":0},"end":{"line":141,"column":null}},{"start":{"line":141,"column":0},"end":{"line":141,"column":null}}]},"4":{"loc":{"start":{"line":158,"column":0},"end":{"line":161,"column":null}},"type":"if","locations":[{"start":{"line":158,"column":0},"end":{"line":161,"column":null}},{"start":{"line":158,"column":0},"end":{"line":161,"column":null}}]}},"s":{"0":1,"1":1,"2":1,"3":1,"4":1,"5":1,"6":1,"7":1,"8":1,"9":1,"10":1,"11":1,"12":1,"13":0,"14":0,"15":6,"16":1,"17":5,"18":6,"19":5,"20":1,"21":1,"22":5,"23":7,"24":4,"25":3,"26":9,"27":3,"28":7,"29":3,"30":4},"f":{"0":1,"1":0,"2":6,"3":6,"4":1,"5":7,"6":9,"7":7},"b":{"0":[1,5],"1":[1,4],"2":[4,3],"3":[7,6],"4":[3,4]}}
,"/Users/jarrydwebb/Dropbox (Sydney Uni Student)/university/semester_two_2021/3888c/repos/cp13-frontend/cp13/src/components/SurveyBuilder/TheToolBar.vue": {"path":"/Users/jarrydwebb/Dropbox (Sydney Uni Student)/university/semester_two_2021/3888c/repos/cp13-frontend/cp13/src/components/SurveyBuilder/TheToolBar.vue","statementMap":{"0":{"start":{"line":1,"column":1},"end":{"line":55,"column":4}},"1":{"start":{"line":4,"column":29},"end":{"line":4,"column":212}},"2":{"start":{"line":6,"column":0},"end":{"line":8,"column":3}},"3":{"start":{"line":9,"column":0},"end":{"line":9,"column":25}},"4":{"start":{"line":11,"column":21},"end":{"line":11,"column":81}},"5":{"start":{"line":24,"column":15},"end":{"line":53,"column":1}},"6":{"start":{"line":29,"column":6},"end":{"line":29,"column":59}},"7":{"start":{"line":36,"column":6},"end":{"line":38,"column":7}},"8":{"start":{"line":37,"column":8},"end":{"line":37,"column":15}},"9":{"start":{"line":40,"column":6},"end":{"line":40,"column":24}},"10":{"start":{"line":42,"column":6},"end":{"line":45,"column":7}},"11":{"start":{"line":43,"column":8},"end":{"line":43,"column":24}},"12":{"start":{"line":44,"column":8},"end":{"line":44,"column":26}},"13":{"start":{"line":47,"column":6},"end":{"line":47,"column":24}},"14":{"start":{"line":49,"column":6},"end":{"line":49,"column":60}},"15":{"start":{"line":54,"column":0},"end":{"line":54,"column":27}},"16":{"start":{"line":56,"column":20},"end":{"line":56,"column":89}},"17":{"start":{"line":56,"column":114},"end":{"line":56,"column":187}},"18":{"start":{"line":57,"column":0},"end":{"line":57,"column":932}},"19":{"start":{"line":57,"column":54},"end":{"line":57,"column":58}},"20":{"start":{"line":57,"column":66},"end":{"line":57,"column":84}},"21":{"start":{"line":57,"column":92},"end":{"line":57,"column":108}},"22":{"start":{"line":57,"column":109},"end":{"line":57,"column":931}},"23":{"start":{"line":57,"column":247},"end":{"line":57,"column":282}},"24":{"start":{"line":57,"column":442},"end":{"line":57,"column":475}},"25":{"start":{"line":57,"column":637},"end":{"line":57,"column":674}},"26":{"start":{"line":57,"column":839},"end":{"line":57,"column":875}},"27":{"start":{"line":58,"column":0},"end":{"line":58,"column":37}}},"fnMap":{"0":{"name":"(anonymous_0)","decl":{"start":{"line":1,"column":2},"end":{"line":1,"column":3}},"loc":{"start":{"line":1,"column":12},"end":{"line":55,"column":1}},"line":1},"1":{"name":"(anonymous_1)","decl":{"start":{"line":28,"column":4},"end":{"line":28,"column":5}},"loc":{"start":{"line":28,"column":18},"end":{"line":30,"column":5}},"line":28},"2":{"name":"(anonymous_2)","decl":{"start":{"line":34,"column":4},"end":{"line":34,"column":5}},"loc":{"start":{"line":34,"column":25},"end":{"line":50,"column":5}},"line":34},"3":{"name":"render","decl":{"start":{"line":57,"column":35},"end":{"line":57,"column":41}},"loc":{"start":{"line":57,"column":45},"end":{"line":57,"column":932}},"line":57},"4":{"name":"(anonymous_4)","decl":{"start":{"line":57,"column":230},"end":{"line":57,"column":231}},"loc":{"start":{"line":57,"column":246},"end":{"line":57,"column":283}},"line":57},"5":{"name":"(anonymous_5)","decl":{"start":{"line":57,"column":425},"end":{"line":57,"column":426}},"loc":{"start":{"line":57,"column":441},"end":{"line":57,"column":476}},"line":57},"6":{"name":"(anonymous_6)","decl":{"start":{"line":57,"column":620},"end":{"line":57,"column":621}},"loc":{"start":{"line":57,"column":636},"end":{"line":57,"column":675}},"line":57},"7":{"name":"(anonymous_7)","decl":{"start":{"line":57,"column":822},"end":{"line":57,"column":823}},"loc":{"start":{"line":57,"column":838},"end":{"line":57,"column":876}},"line":57}},"branchMap":{"0":{"loc":{"start":{"line":36,"column":6},"end":{"line":38,"column":7}},"type":"if","locations":[{"start":{"line":36,"column":6},"end":{"line":38,"column":7}},{"start":{"line":36,"column":6},"end":{"line":38,"column":7}}],"line":36},"1":{"loc":{"start":{"line":42,"column":6},"end":{"line":45,"column":7}},"type":"if","locations":[{"start":{"line":42,"column":6},"end":{"line":45,"column":7}},{"start":{"line":42,"column":6},"end":{"line":45,"column":7}}],"line":42},"2":{"loc":{"start":{"line":56,"column":20},"end":{"line":56,"column":89}},"type":"cond-expr","locations":[{"start":{"line":56,"column":50},"end":{"line":56,"column":72}},{"start":{"line":56,"column":75},"end":{"line":56,"column":89}}],"line":56},"3":{"loc":{"start":{"line":56,"column":114},"end":{"line":56,"column":187}},"type":"cond-expr","locations":[{"start":{"line":56,"column":151},"end":{"line":56,"column":172}},{"start":{"line":56,"column":174},"end":{"line":56,"column":187}}],"line":56},"4":{"loc":{"start":{"line":57,"column":92},"end":{"line":57,"column":108}},"type":"binary-expr","locations":[{"start":{"line":57,"column":92},"end":{"line":57,"column":104}},{"start":{"line":57,"column":106},"end":{"line":57,"column":108}}],"line":57},"5":{"loc":{"start":{"line":57,"column":165},"end":{"line":57,"column":217}},"type":"cond-expr","locations":[{"start":{"line":57,"column":196},"end":{"line":57,"column":209}},{"start":{"line":57,"column":212},"end":{"line":57,"column":217}}],"line":57},"6":{"loc":{"start":{"line":57,"column":362},"end":{"line":57,"column":412}},"type":"cond-expr","locations":[{"start":{"line":57,"column":391},"end":{"line":57,"column":404}},{"start":{"line":57,"column":407},"end":{"line":57,"column":412}}],"line":57},"7":{"loc":{"start":{"line":57,"column":553},"end":{"line":57,"column":607}},"type":"cond-expr","locations":[{"start":{"line":57,"column":586},"end":{"line":57,"column":599}},{"start":{"line":57,"column":602},"end":{"line":57,"column":607}}],"line":57},"8":{"loc":{"start":{"line":57,"column":756},"end":{"line":57,"column":809}},"type":"cond-expr","locations":[{"start":{"line":57,"column":788},"end":{"line":57,"column":801}},{"start":{"line":57,"column":804},"end":{"line":57,"column":809}}],"line":57}},"s":{"0":1,"1":1,"2":1,"3":1,"4":1,"5":1,"6":60,"7":10,"8":2,"9":8,"10":8,"11":2,"12":2,"13":8,"14":8,"15":1,"16":1,"17":1,"18":1,"19":57,"20":57,"21":57,"22":57,"23":0,"24":0,"25":0,"26":0,"27":1},"f":{"0":1,"1":60,"2":10,"3":57,"4":0,"5":0,"6":0,"7":0},"b":{"0":[2,8],"1":[2,6],"2":[1,0],"3":[0,1],"4":[57,0],"5":[27,30],"6":[2,55],"7":[3,54],"8":[4,53]},"_coverageSchema":"43e27e138ebf9cfc5966b082cf9a028302ed4184","hash":"44d13831a23651e20af7eabcbfb58ea4736c9ae1"}
,"/Users/jarrydwebb/Dropbox (Sydney Uni Student)/university/semester_two_2021/3888c/repos/cp13-frontend/cp13/src/components/SurveyBuilder/TheWorkSpace.vue": {"path":"/Users/jarrydwebb/Dropbox (Sydney Uni Student)/university/semester_two_2021/3888c/repos/cp13-frontend/cp13/src/components/SurveyBuilder/TheWorkSpace.vue","statementMap":{"0":{"start":{"line":49,"column":0},"end":{"line":49,"column":null}},"1":{"start":{"line":51,"column":0},"end":{"line":51,"column":null}},"2":{"start":{"line":52,"column":0},"end":{"line":52,"column":null}},"3":{"start":{"line":53,"column":0},"end":{"line":53,"column":null}},"4":{"start":{"line":54,"column":0},"end":{"line":54,"column":null}},"5":{"start":{"line":56,"column":0},"end":{"line":56,"column":null}},"6":{"start":{"line":57,"column":0},"end":{"line":57,"column":null}},"7":{"start":{"line":73,"column":0},"end":{"line":73,"column":null}},"8":{"start":{"line":76,"column":0},"end":{"line":76,"column":null}}},"fnMap":{"0":{"name":"(anonymous_1)","decl":{"start":{"line":72,"column":0},"end":{"line":72,"column":null}},"loc":{"start":{"line":72,"column":0},"end":{"line":77,"column":null}}}},"branchMap":{},"s":{"0":1,"1":1,"2":1,"3":1,"4":1,"5":1,"6":1,"7":1,"8":1},"f":{"0":1},"b":{}}
,"/Users/jarrydwebb/Dropbox (Sydney Uni Student)/university/semester_two_2021/3888c/repos/cp13-frontend/cp13/src/components/SurveyBuilder/ToggleBase.vue": {"path":"/Users/jarrydwebb/Dropbox (Sydney Uni Student)/university/semester_two_2021/3888c/repos/cp13-frontend/cp13/src/components/SurveyBuilder/ToggleBase.vue","statementMap":{"0":{"start":{"line":18,"column":0},"end":{"line":18,"column":null}},"1":{"start":{"line":24,"column":0},"end":{"line":24,"column":null}}},"fnMap":{"0":{"name":"(anonymous_1)","decl":{"start":{"line":17,"column":0},"end":{"line":17,"column":null}},"loc":{"start":{"line":17,"column":0},"end":{"line":19,"column":null}}},"1":{"name":"(anonymous_2)","decl":{"start":{"line":23,"column":0},"end":{"line":23,"column":null}},"loc":{"start":{"line":23,"column":0},"end":{"line":25,"column":null}}},"2":{"name":"(anonymous_3)","decl":{"start":{"line":26,"column":0},"end":{"line":26,"column":null}},"loc":{"start":{"line":26,"column":0},"end":{"line":26,"column":null}}}},"branchMap":{},"s":{"0":1,"1":3},"f":{"0":1,"1":3,"2":1},"b":{}}
,"/Users/jarrydwebb/Dropbox (Sydney Uni Student)/university/semester_two_2021/3888c/repos/cp13-frontend/cp13/src/locales/index.js": {"path":"/Users/jarrydwebb/Dropbox (Sydney Uni Student)/university/semester_two_2021/3888c/repos/cp13-frontend/cp13/src/locales/index.js","statementMap":{"0":{"start":{"line":1,"column":0},"end":{"line":1,"column":43}},"1":{"start":{"line":2,"column":0},"end":{"line":2,"column":43}},"2":{"start":{"line":3,"column":0},"end":{"line":3,"column":43}},"3":{"start":{"line":4,"column":0},"end":{"line":4,"column":43}},"4":{"start":{"line":5,"column":0},"end":{"line":5,"column":43}}},"fnMap":{},"branchMap":{},"s":{"0":12,"1":12,"2":12,"3":12,"4":12},"f":{},"b":{},"_coverageSchema":"43e27e138ebf9cfc5966b082cf9a028302ed4184","hash":"b4623cc9eb12d8df449959472f17316a1accb4d9"}
,"/Users/jarrydwebb/Dropbox (Sydney Uni Student)/university/semester_two_2021/3888c/repos/cp13-frontend/cp13/src/services/DragDropHelpers.js": {"path":"/Users/jarrydwebb/Dropbox (Sydney Uni Student)/university/semester_two_2021/3888c/repos/cp13-frontend/cp13/src/services/DragDropHelpers.js","statementMap":{"0":{"start":{"line":3,"column":25},"end":{"line":65,"column":1}},"1":{"start":{"line":8,"column":8},"end":{"line":8,"column":18}},"2":{"start":{"line":9,"column":4},"end":{"line":9,"column":27}},"3":{"start":{"line":12,"column":20},"end":{"line":12,"column":27}},"4":{"start":{"line":19,"column":19},"end":{"line":19,"column":34}},"5":{"start":{"line":21,"column":20},"end":{"line":21,"column":43}},"6":{"start":{"line":23,"column":4},"end":{"line":29,"column":5}},"7":{"start":{"line":23,"column":17},"end":{"line":23,"column":18}},"8":{"start":{"line":24,"column":8},"end":{"line":28,"column":9}},"9":{"start":{"line":24,"column":21},"end":{"line":24,"column":22}},"10":{"start":{"line":25,"column":12},"end":{"line":27,"column":13}},"11":{"start":{"line":26,"column":16},"end":{"line":26,"column":39}},"12":{"start":{"line":31,"column":4},"end":{"line":63,"column":5}},"13":{"start":{"line":33,"column":8},"end":{"line":51,"column":9}},"14":{"start":{"line":35,"column":12},"end":{"line":42,"column":13}},"15":{"start":{"line":36,"column":16},"end":{"line":41,"column":18}},"16":{"start":{"line":44,"column":15},"end":{"line":51,"column":9}},"17":{"start":{"line":45,"column":12},"end":{"line":50,"column":14}},"18":{"start":{"line":54,"column":8},"end":{"line":61,"column":9}},"19":{"start":{"line":55,"column":12},"end":{"line":60,"column":14}},"20":{"start":{"line":67,"column":29},"end":{"line":222,"column":1}},"21":{"start":{"line":71,"column":4},"end":{"line":73,"column":5}},"22":{"start":{"line":72,"column":8},"end":{"line":72,"column":15}},"23":{"start":{"line":79,"column":4},"end":{"line":220,"column":5}},"24":{"start":{"line":80,"column":23},"end":{"line":80,"column":133}},"25":{"start":{"line":80,"column":67},"end":{"line":80,"column":128}},"26":{"start":{"line":81,"column":23},"end":{"line":81,"column":118}},"27":{"start":{"line":81,"column":64},"end":{"line":81,"column":106}},"28":{"start":{"line":85,"column":8},"end":{"line":90,"column":9}},"29":{"start":{"line":86,"column":12},"end":{"line":86,"column":67}},"30":{"start":{"line":89,"column":12},"end":{"line":89,"column":63}},"31":{"start":{"line":91,"column":8},"end":{"line":93,"column":9}},"32":{"start":{"line":92,"column":12},"end":{"line":92,"column":19}},"33":{"start":{"line":96,"column":8},"end":{"line":116,"column":9}},"34":{"start":{"line":98,"column":12},"end":{"line":108,"column":13}},"35":{"start":{"line":98,"column":25},"end":{"line":98,"column":26}},"36":{"start":{"line":99,"column":16},"end":{"line":107,"column":17}},"37":{"start":{"line":100,"column":20},"end":{"line":106,"column":21}},"38":{"start":{"line":104,"column":24},"end":{"line":104,"column":31}},"39":{"start":{"line":111,"column":12},"end":{"line":114,"column":14}},"40":{"start":{"line":122,"column":11},"end":{"line":220,"column":5}},"41":{"start":{"line":123,"column":25},"end":{"line":123,"column":134}},"42":{"start":{"line":123,"column":69},"end":{"line":123,"column":129}},"43":{"start":{"line":124,"column":25},"end":{"line":124,"column":122}},"44":{"start":{"line":124,"column":66},"end":{"line":124,"column":108}},"45":{"start":{"line":128,"column":8},"end":{"line":133,"column":9}},"46":{"start":{"line":129,"column":12},"end":{"line":129,"column":63}},"47":{"start":{"line":132,"column":12},"end":{"line":132,"column":67}},"48":{"start":{"line":134,"column":8},"end":{"line":136,"column":9}},"49":{"start":{"line":135,"column":12},"end":{"line":135,"column":19}},"50":{"start":{"line":139,"column":8},"end":{"line":159,"column":9}},"51":{"start":{"line":141,"column":12},"end":{"line":151,"column":13}},"52":{"start":{"line":141,"column":25},"end":{"line":141,"column":26}},"53":{"start":{"line":142,"column":16},"end":{"line":150,"column":17}},"54":{"start":{"line":143,"column":20},"end":{"line":149,"column":21}},"55":{"start":{"line":147,"column":24},"end":{"line":147,"column":31}},"56":{"start":{"line":154,"column":12},"end":{"line":157,"column":14}},"57":{"start":{"line":165,"column":23},"end":{"line":165,"column":63}},"58":{"start":{"line":166,"column":8},"end":{"line":172,"column":9}},"59":{"start":{"line":167,"column":12},"end":{"line":171,"column":13}},"60":{"start":{"line":168,"column":16},"end":{"line":168,"column":71}},"61":{"start":{"line":170,"column":16},"end":{"line":170,"column":142}},"62":{"start":{"line":170,"column":68},"end":{"line":170,"column":126}},"63":{"start":{"line":174,"column":24},"end":{"line":174,"column":98}},"64":{"start":{"line":177,"column":8},"end":{"line":208,"column":9}},"65":{"start":{"line":178,"column":12},"end":{"line":188,"column":13}},"66":{"start":{"line":178,"column":25},"end":{"line":178,"column":26}},"67":{"start":{"line":179,"column":16},"end":{"line":182,"column":17}},"68":{"start":{"line":180,"column":20},"end":{"line":180,"column":66}},"69":{"start":{"line":184,"column":16},"end":{"line":186,"column":17}},"70":{"start":{"line":185,"column":20},"end":{"line":185,"column":64}},"71":{"start":{"line":192,"column":12},"end":{"line":206,"column":13}},"72":{"start":{"line":192,"column":25},"end":{"line":192,"column":26}},"73":{"start":{"line":193,"column":16},"end":{"line":198,"column":17}},"74":{"start":{"line":194,"column":20},"end":{"line":196,"column":21}},"75":{"start":{"line":195,"column":24},"end":{"line":195,"column":70}},"76":{"start":{"line":197,"column":20},"end":{"line":197,"column":66}},"77":{"start":{"line":200,"column":16},"end":{"line":205,"column":17}},"78":{"start":{"line":201,"column":20},"end":{"line":203,"column":21}},"79":{"start":{"line":202,"column":24},"end":{"line":202,"column":68}},"80":{"start":{"line":204,"column":20},"end":{"line":204,"column":64}},"81":{"start":{"line":210,"column":8},"end":{"line":214,"column":9}},"82":{"start":{"line":210,"column":21},"end":{"line":210,"column":60}},"83":{"start":{"line":211,"column":12},"end":{"line":213,"column":13}},"84":{"start":{"line":212,"column":16},"end":{"line":212,"column":94}},"85":{"start":{"line":216,"column":8},"end":{"line":219,"column":10}}},"fnMap":{"0":{"name":"(anonymous_0)","decl":{"start":{"line":3,"column":25},"end":{"line":3,"column":26}},"loc":{"start":{"line":3,"column":48},"end":{"line":65,"column":1}},"line":3},"1":{"name":"(anonymous_1)","decl":{"start":{"line":67,"column":29},"end":{"line":67,"column":30}},"loc":{"start":{"line":67,"column":58},"end":{"line":222,"column":1}},"line":67},"2":{"name":"(anonymous_2)","decl":{"start":{"line":80,"column":62},"end":{"line":80,"column":63}},"loc":{"start":{"line":80,"column":67},"end":{"line":80,"column":128}},"line":80},"3":{"name":"(anonymous_3)","decl":{"start":{"line":81,"column":59},"end":{"line":81,"column":60}},"loc":{"start":{"line":81,"column":64},"end":{"line":81,"column":106}},"line":81},"4":{"name":"(anonymous_4)","decl":{"start":{"line":123,"column":64},"end":{"line":123,"column":65}},"loc":{"start":{"line":123,"column":69},"end":{"line":123,"column":129}},"line":123},"5":{"name":"(anonymous_5)","decl":{"start":{"line":124,"column":61},"end":{"line":124,"column":62}},"loc":{"start":{"line":124,"column":66},"end":{"line":124,"column":108}},"line":124},"6":{"name":"(anonymous_6)","decl":{"start":{"line":170,"column":63},"end":{"line":170,"column":64}},"loc":{"start":{"line":170,"column":68},"end":{"line":170,"column":126}},"line":170}},"branchMap":{"0":{"loc":{"start":{"line":25,"column":12},"end":{"line":27,"column":13}},"type":"if","locations":[{"start":{"line":25,"column":12},"end":{"line":27,"column":13}},{"start":{"line":25,"column":12},"end":{"line":27,"column":13}}],"line":25},"1":{"loc":{"start":{"line":31,"column":4},"end":{"line":63,"column":5}},"type":"if","locations":[{"start":{"line":31,"column":4},"end":{"line":63,"column":5}},{"start":{"line":31,"column":4},"end":{"line":63,"column":5}}],"line":31},"2":{"loc":{"start":{"line":33,"column":8},"end":{"line":51,"column":9}},"type":"if","locations":[{"start":{"line":33,"column":8},"end":{"line":51,"column":9}},{"start":{"line":33,"column":8},"end":{"line":51,"column":9}}],"line":33},"3":{"loc":{"start":{"line":35,"column":12},"end":{"line":42,"column":13}},"type":"if","locations":[{"start":{"line":35,"column":12},"end":{"line":42,"column":13}},{"start":{"line":35,"column":12},"end":{"line":42,"column":13}}],"line":35},"4":{"loc":{"start":{"line":44,"column":15},"end":{"line":51,"column":9}},"type":"if","locations":[{"start":{"line":44,"column":15},"end":{"line":51,"column":9}},{"start":{"line":44,"column":15},"end":{"line":51,"column":9}}],"line":44},"5":{"loc":{"start":{"line":54,"column":8},"end":{"line":61,"column":9}},"type":"if","locations":[{"start":{"line":54,"column":8},"end":{"line":61,"column":9}},{"start":{"line":54,"column":8},"end":{"line":61,"column":9}}],"line":54},"6":{"loc":{"start":{"line":71,"column":4},"end":{"line":73,"column":5}},"type":"if","locations":[{"start":{"line":71,"column":4},"end":{"line":73,"column":5}},{"start":{"line":71,"column":4},"end":{"line":73,"column":5}}],"line":71},"7":{"loc":{"start":{"line":79,"column":4},"end":{"line":220,"column":5}},"type":"if","locations":[{"start":{"line":79,"column":4},"end":{"line":220,"column":5}},{"start":{"line":79,"column":4},"end":{"line":220,"column":5}}],"line":79},"8":{"loc":{"start":{"line":80,"column":67},"end":{"line":80,"column":128}},"type":"binary-expr","locations":[{"start":{"line":80,"column":67},"end":{"line":80,"column":83}},{"start":{"line":80,"column":87},"end":{"line":80,"column":128}}],"line":80},"9":{"loc":{"start":{"line":85,"column":8},"end":{"line":90,"column":9}},"type":"if","locations":[{"start":{"line":85,"column":8},"end":{"line":90,"column":9}},{"start":{"line":85,"column":8},"end":{"line":90,"column":9}}],"line":85},"10":{"loc":{"start":{"line":91,"column":8},"end":{"line":93,"column":9}},"type":"if","locations":[{"start":{"line":91,"column":8},"end":{"line":93,"column":9}},{"start":{"line":91,"column":8},"end":{"line":93,"column":9}}],"line":91},"11":{"loc":{"start":{"line":96,"column":8},"end":{"line":116,"column":9}},"type":"if","locations":[{"start":{"line":96,"column":8},"end":{"line":116,"column":9}},{"start":{"line":96,"column":8},"end":{"line":116,"column":9}}],"line":96},"12":{"loc":{"start":{"line":99,"column":16},"end":{"line":107,"column":17}},"type":"if","locations":[{"start":{"line":99,"column":16},"end":{"line":107,"column":17}},{"start":{"line":99,"column":16},"end":{"line":107,"column":17}}],"line":99},"13":{"loc":{"start":{"line":100,"column":20},"end":{"line":106,"column":21}},"type":"if","locations":[{"start":{"line":100,"column":20},"end":{"line":106,"column":21}},{"start":{"line":100,"column":20},"end":{"line":106,"column":21}}],"line":100},"14":{"loc":{"start":{"line":100,"column":24},"end":{"line":103,"column":80}},"type":"binary-expr","locations":[{"start":{"line":100,"column":25},"end":{"line":100,"column":78}},{"start":{"line":101,"column":28},"end":{"line":101,"column":79}},{"start":{"line":102,"column":25},"end":{"line":102,"column":78}},{"start":{"line":103,"column":28},"end":{"line":103,"column":79}}],"line":100},"15":{"loc":{"start":{"line":122,"column":11},"end":{"line":220,"column":5}},"type":"if","locations":[{"start":{"line":122,"column":11},"end":{"line":220,"column":5}},{"start":{"line":122,"column":11},"end":{"line":220,"column":5}}],"line":122},"16":{"loc":{"start":{"line":123,"column":69},"end":{"line":123,"column":129}},"type":"binary-expr","locations":[{"start":{"line":123,"column":69},"end":{"line":123,"column":84}},{"start":{"line":123,"column":88},"end":{"line":123,"column":129}}],"line":123},"17":{"loc":{"start":{"line":128,"column":8},"end":{"line":133,"column":9}},"type":"if","locations":[{"start":{"line":128,"column":8},"end":{"line":133,"column":9}},{"start":{"line":128,"column":8},"end":{"line":133,"column":9}}],"line":128},"18":{"loc":{"start":{"line":134,"column":8},"end":{"line":136,"column":9}},"type":"if","locations":[{"start":{"line":134,"column":8},"end":{"line":136,"column":9}},{"start":{"line":134,"column":8},"end":{"line":136,"column":9}}],"line":134},"19":{"loc":{"start":{"line":134,"column":12},"end":{"line":134,"column":47}},"type":"binary-expr","locations":[{"start":{"line":134,"column":12},"end":{"line":134,"column":28}},{"start":{"line":134,"column":32},"end":{"line":134,"column":47}}],"line":134},"20":{"loc":{"start":{"line":139,"column":8},"end":{"line":159,"column":9}},"type":"if","locations":[{"start":{"line":139,"column":8},"end":{"line":159,"column":9}},{"start":{"line":139,"column":8},"end":{"line":159,"column":9}}],"line":139},"21":{"loc":{"start":{"line":142,"column":16},"end":{"line":150,"column":17}},"type":"if","locations":[{"start":{"line":142,"column":16},"end":{"line":150,"column":17}},{"start":{"line":142,"column":16},"end":{"line":150,"column":17}}],"line":142},"22":{"loc":{"start":{"line":143,"column":20},"end":{"line":149,"column":21}},"type":"if","locations":[{"start":{"line":143,"column":20},"end":{"line":149,"column":21}},{"start":{"line":143,"column":20},"end":{"line":149,"column":21}}],"line":143},"23":{"loc":{"start":{"line":143,"column":24},"end":{"line":146,"column":84}},"type":"binary-expr","locations":[{"start":{"line":143,"column":25},"end":{"line":143,"column":78}},{"start":{"line":144,"column":28},"end":{"line":144,"column":79}},{"start":{"line":145,"column":25},"end":{"line":145,"column":76}},{"start":{"line":146,"column":28},"end":{"line":146,"column":83}}],"line":143},"24":{"loc":{"start":{"line":166,"column":8},"end":{"line":172,"column":9}},"type":"if","locations":[{"start":{"line":166,"column":8},"end":{"line":172,"column":9}},{"start":{"line":166,"column":8},"end":{"line":172,"column":9}}],"line":166},"25":{"loc":{"start":{"line":167,"column":12},"end":{"line":171,"column":13}},"type":"if","locations":[{"start":{"line":167,"column":12},"end":{"line":171,"column":13}},{"start":{"line":167,"column":12},"end":{"line":171,"column":13}}],"line":167},"26":{"loc":{"start":{"line":177,"column":8},"end":{"line":208,"column":9}},"type":"if","locations":[{"start":{"line":177,"column":8},"end":{"line":208,"column":9}},{"start":{"line":177,"column":8},"end":{"line":208,"column":9}}],"line":177},"27":{"loc":{"start":{"line":179,"column":16},"end":{"line":182,"column":17}},"type":"if","locations":[{"start":{"line":179,"column":16},"end":{"line":182,"column":17}},{"start":{"line":179,"column":16},"end":{"line":182,"column":17}}],"line":179},"28":{"loc":{"start":{"line":179,"column":20},"end":{"line":179,"column":136}},"type":"binary-expr","locations":[{"start":{"line":179,"column":20},"end":{"line":179,"column":79}},{"start":{"line":179,"column":83},"end":{"line":179,"column":136}}],"line":179},"29":{"loc":{"start":{"line":184,"column":16},"end":{"line":186,"column":17}},"type":"if","locations":[{"start":{"line":184,"column":16},"end":{"line":186,"column":17}},{"start":{"line":184,"column":16},"end":{"line":186,"column":17}}],"line":184},"30":{"loc":{"start":{"line":184,"column":20},"end":{"line":184,"column":132}},"type":"binary-expr","locations":[{"start":{"line":184,"column":20},"end":{"line":184,"column":78}},{"start":{"line":184,"column":82},"end":{"line":184,"column":132}}],"line":184},"31":{"loc":{"start":{"line":193,"column":16},"end":{"line":198,"column":17}},"type":"if","locations":[{"start":{"line":193,"column":16},"end":{"line":198,"column":17}},{"start":{"line":193,"column":16},"end":{"line":198,"column":17}}],"line":193},"32":{"loc":{"start":{"line":193,"column":20},"end":{"line":193,"column":137}},"type":"binary-expr","locations":[{"start":{"line":193,"column":20},"end":{"line":193,"column":80}},{"start":{"line":193,"column":84},"end":{"line":193,"column":137}}],"line":193},"33":{"loc":{"start":{"line":194,"column":20},"end":{"line":196,"column":21}},"type":"if","locations":[{"start":{"line":194,"column":20},"end":{"line":196,"column":21}},{"start":{"line":194,"column":20},"end":{"line":196,"column":21}}],"line":194},"34":{"loc":{"start":{"line":194,"column":24},"end":{"line":194,"column":122}},"type":"binary-expr","locations":[{"start":{"line":194,"column":24},"end":{"line":194,"column":77}},{"start":{"line":194,"column":81},"end":{"line":194,"column":122}}],"line":194},"35":{"loc":{"start":{"line":200,"column":16},"end":{"line":205,"column":17}},"type":"if","locations":[{"start":{"line":200,"column":16},"end":{"line":205,"column":17}},{"start":{"line":200,"column":16},"end":{"line":205,"column":17}}],"line":200},"36":{"loc":{"start":{"line":200,"column":20},"end":{"line":200,"column":136}},"type":"binary-expr","locations":[{"start":{"line":200,"column":20},"end":{"line":200,"column":
[...]
{"line":883,"column":21},"end":{"line":883,"column":22}},"loc":{"start":{"line":883,"column":30},"end":{"line":883,"column":54}},"line":883},"54":{"name":"(anonymous_54)","decl":{"start":{"line":884,"column":21},"end":{"line":884,"column":22}},"loc":{"start":{"line":884,"column":30},"end":{"line":884,"column":47}},"line":884},"55":{"name":"(anonymous_55)","decl":{"start":{"line":885,"column":23},"end":{"line":885,"column":24}},"loc":{"start":{"line":885,"column":32},"end":{"line":885,"column":69}},"line":885},"56":{"name":"(anonymous_56)","decl":{"start":{"line":886,"column":23},"end":{"line":886,"column":24}},"loc":{"start":{"line":886,"column":32},"end":{"line":886,"column":69}},"line":886},"57":{"name":"(anonymous_57)","decl":{"start":{"line":887,"column":20},"end":{"line":887,"column":21}},"loc":{"start":{"line":887,"column":29},"end":{"line":887,"column":52}},"line":887},"58":{"name":"(anonymous_58)","decl":{"start":{"line":888,"column":21},"end":{"line":888,"column":22}},"loc":{"start":{"line":888,"column":30},"end":{"line":888,"column":63}},"line":888},"59":{"name":"(anonymous_59)","decl":{"start":{"line":889,"column":18},"end":{"line":889,"column":19}},"loc":{"start":{"line":889,"column":27},"end":{"line":889,"column":59}},"line":889},"60":{"name":"(anonymous_60)","decl":{"start":{"line":890,"column":24},"end":{"line":890,"column":25}},"loc":{"start":{"line":890,"column":33},"end":{"line":901,"column":9}},"line":890},"61":{"name":"compare","decl":{"start":{"line":891,"column":21},"end":{"line":891,"column":28}},"loc":{"start":{"line":891,"column":35},"end":{"line":896,"column":13}},"line":891},"62":{"name":"(anonymous_62)","decl":{"start":{"line":903,"column":16},"end":{"line":903,"column":17}},"loc":{"start":{"line":903,"column":25},"end":{"line":905,"column":9}},"line":903},"63":{"name":"(anonymous_63)","decl":{"start":{"line":906,"column":22},"end":{"line":906,"column":23}},"loc":{"start":{"line":906,"column":31},"end":{"line":914,"column":9}},"line":906},"64":{"name":"compare","decl":{"start":{"line":907,"column":21},"end":{"line":907,"column":28}},"loc":{"start":{"line":907,"column":35},"end":{"line":912,"column":13}},"line":907},"65":{"name":"(anonymous_65)","decl":{"start":{"line":915,"column":25},"end":{"line":915,"column":26}},"loc":{"start":{"line":915,"column":34},"end":{"line":923,"column":9}},"line":915},"66":{"name":"(anonymous_66)","decl":{"start":{"line":915,"column":34},"end":{"line":915,"column":35}},"loc":{"start":{"line":915,"column":43},"end":{"line":923,"column":9}},"line":915},"67":{"name":"compare","decl":{"start":{"line":916,"column":21},"end":{"line":916,"column":28}},"loc":{"start":{"line":916,"column":35},"end":{"line":921,"column":13}},"line":916},"68":{"name":"(anonymous_68)","decl":{"start":{"line":924,"column":22},"end":{"line":924,"column":23}},"loc":{"start":{"line":924,"column":31},"end":{"line":929,"column":9}},"line":924},"69":{"name":"(anonymous_69)","decl":{"start":{"line":925,"column":77},"end":{"line":925,"column":78}},"loc":{"start":{"line":925,"column":84},"end":{"line":927,"column":13}},"line":925},"70":{"name":"(anonymous_70)","decl":{"start":{"line":930,"column":25},"end":{"line":930,"column":26}},"loc":{"start":{"line":930,"column":34},"end":{"line":942,"column":9}},"line":930},"71":{"name":"(anonymous_71)","decl":{"start":{"line":931,"column":77},"end":{"line":931,"column":78}},"loc":{"start":{"line":931,"column":84},"end":{"line":933,"column":13}},"line":931},"72":{"name":"(anonymous_72)","decl":{"start":{"line":937,"column":24},"end":{"line":937,"column":25}},"loc":{"start":{"line":937,"column":31},"end":{"line":939,"column":17}},"line":937},"73":{"name":"(anonymous_73)","decl":{"start":{"line":943,"column":19},"end":{"line":943,"column":20}},"loc":{"start":{"line":943,"column":28},"end":{"line":945,"column":9}},"line":943}},"branchMap":{"0":{"loc":{"start":{"line":66,"column":12},"end":{"line":76,"column":13}},"type":"if","locations":[{"start":{"line":66,"column":12},"end":{"line":76,"column":13}},{"start":{"line":66,"column":12},"end":{"line":76,"column":13}}],"line":66},"1":{"loc":{"start":{"line":71,"column":19},"end":{"line":76,"column":13}},"type":"if","locations":[{"start":{"line":71,"column":19},"end":{"line":76,"column":13}},{"start":{"line":71,"column":19},"end":{"line":76,"column":13}}],"line":71},"2":{"loc":{"start":{"line":82,"column":12},"end":{"line":92,"column":13}},"type":"if","locations":[{"start":{"line":82,"column":12},"end":{"line":92,"column":13}},{"start":{"line":82,"column":12},"end":{"line":92,"column":13}}],"line":82},"3":{"loc":{"start":{"line":87,"column":19},"end":{"line":92,"column":13}},"type":"if","locations":[{"start":{"line":87,"column":19},"end":{"line":92,"column":13}},{"start":{"line":87,"column":19},"end":{"line":92,"column":13}}],"line":87},"4":{"loc":{"start":{"line":131,"column":12},"end":{"line":133,"column":13}},"type":"if","locations":[{"start":{"line":131,"column":12},"end":{"line":133,"column":13}},{"start":{"line":131,"column":12},"end":{"line":133,"column":13}}],"line":131},"5":{"loc":{"start":{"line":143,"column":12},"end":{"line":145,"column":13}},"type":"if","locations":[{"start":{"line":143,"column":12},"end":{"line":145,"column":13}},{"start":{"line":143,"column":12},"end":{"line":145,"column":13}}],"line":143},"6":{"loc":{"start":{"line":161,"column":12},"end":{"line":163,"column":13}},"type":"if","locations":[{"start":{"line":161,"column":12},"end":{"line":163,"column":13}},{"start":{"line":161,"column":12},"end":{"line":163,"column":13}}],"line":161},"7":{"loc":{"start":{"line":185,"column":12},"end":{"line":196,"column":13}},"type":"if","locations":[{"start":{"line":185,"column":12},"end":{"line":196,"column":13}},{"start":{"line":185,"column":12},"end":{"line":196,"column":13}}],"line":185},"8":{"loc":{"start":{"line":206,"column":12},"end":{"line":209,"column":13}},"type":"if","locations":[{"start":{"line":206,"column":12},"end":{"line":209,"column":13}},{"start":{"line":206,"column":12},"end":{"line":209,"column":13}}],"line":206},"9":{"loc":{"start":{"line":220,"column":12},"end":{"line":232,"column":13}},"type":"if","locations":[{"start":{"line":220,"column":12},"end":{"line":232,"column":13}},{"start":{"line":220,"column":12},"end":{"line":232,"column":13}}],"line":220},"10":{"loc":{"start":{"line":235,"column":12},"end":{"line":242,"column":13}},"type":"if","locations":[{"start":{"line":235,"column":12},"end":{"line":242,"column":13}},{"start":{"line":235,"column":12},"end":{"line":242,"column":13}}],"line":235},"11":{"loc":{"start":{"line":269,"column":12},"end":{"line":271,"column":13}},"type":"if","locations":[{"start":{"line":269,"column":12},"end":{"line":271,"column":13}},{"start":{"line":269,"column":12},"end":{"line":271,"column":13}}],"line":269},"12":{"loc":{"start":{"line":282,"column":12},"end":{"line":285,"column":13}},"type":"if","locations":[{"start":{"line":282,"column":12},"end":{"line":285,"column":13}},{"start":{"line":282,"column":12},"end":{"line":285,"column":13}}],"line":282},"13":{"loc":{"start":{"line":312,"column":12},"end":{"line":314,"column":13}},"type":"if","locations":[{"start":{"line":312,"column":12},"end":{"line":314,"column":13}},{"start":{"line":312,"column":12},"end":{"line":314,"column":13}}],"line":312},"14":{"loc":{"start":{"line":329,"column":16},"end":{"line":331,"column":17}},"type":"if","locations":[{"start":{"line":329,"column":16},"end":{"line":331,"column":17}},{"start":{"line":329,"column":16},"end":{"line":331,"column":17}}],"line":329},"15":{"loc":{"start":{"line":379,"column":12},"end":{"line":381,"column":13}},"type":"if","locations":[{"start":{"line":379,"column":12},"end":{"line":381,"column":13}},{"start":{"line":379,"column":12},"end":{"line":381,"column":13}}],"line":379},"16":{"loc":{"start":{"line":389,"column":12},"end":{"line":414,"column":13}},"type":"if","locations":[{"start":{"line":389,"column":12},"end":{"line":414,"column":13}},{"start":{"line":389,"column":12},"end":{"line":414,"column":13}}],"line":389},"17":{"loc":{"start":{"line":390,"column":16},"end":{"line":411,"column":17}},"type":"switch","locations":[{"start":{"line":391,"column":20},"end":{"line":397,"column":29}},{"start":{"line":398,"column":20},"end":{"line":404,"column":29}},{"start":{"line":405,"column":20},"end":{"line":410,"column":67}}],"line":390},"18":{"loc":{"start":{"line":423,"column":12},"end":{"line":505,"column":13}},"type":"if","locations":[{"start":{"line":423,"column":12},"end":{"line":505,"column":13}},{"start":{"line":423,"column":12},"end":{"line":505,"column":13}}],"line":423},"19":{"loc":{"start":{"line":424,"column":16},"end":{"line":502,"column":17}},"type":"switch","locations":[{"start":{"line":425,"column":20},"end":{"line":438,"column":30}},{"start":{"line":439,"column":20},"end":{"line":464,"column":30}},{"start":{"line":465,"column":20},"end":{"line":469,"column":30}},{"start":{"line":470,"column":20},"end":{"line":479,"column":30}},{"start":{"line":480,"column":20},"end":{"line":490,"column":30}},{"start":{"line":491,"column":20},"end":{"line":498,"column":30}},{"start":{"line":499,"column":20},"end":{"line":500,"column":30}}],"line":424},"20":{"loc":{"start":{"line":445,"column":24},"end":{"line":463,"column":25}},"type":"if","locations":[{"start":{"line":445,"column":24},"end":{"line":463,"column":25}},{"start":{"line":445,"column":24},"end":{"line":463,"column":25}}],"line":445},"21":{"loc":{"start":{"line":451,"column":31},"end":{"line":463,"column":25}},"type":"if","locations":[{"start":{"line":451,"column":31},"end":{"line":463,"column":25}},{"start":{"line":451,"column":31},"end":{"line":463,"column":25}}],"line":451},"22":{"loc":{"start":{"line":526,"column":12},"end":{"line":591,"column":13}},"type":"switch","locations":[{"start":{"line":527,"column":16},"end":{"line":537,"column":26}},{"start":{"line":538,"column":16},"end":{"line":545,"column":26}},{"start":{"line":546,"column":16},"end":{"line":557,"column":26}},{"start":{"line":558,"column":16},"end":{"line":569,"column":26}},{"start":{"line":570,"column":16},"end":{"line":580,"column":26}},{"start":{"line":581,"column":16},"end":{"line":588,"column":26}},{"start":{"line":589,"column":16},"end":{"line":590,"column":26}}],"line":526},"23":{"loc":{"start":{"line":620,"column":16},"end":{"line":622,"column":17}},"type":"if","locations":[{"start":{"line":620,"column":16},"end":{"line":622,"column":17}},{"start":{"line":620,"column":16},"end":{"line":622,"column":17}}],"line":620},"24":{"loc":{"start":{"line":628,"column":12},"end":{"line":659,"column":13}},"type":"if","locations":[{"start":{"line":628,"column":12},"end":{"line":659,"column":13}},{"start":{"line":628,"column":12},"end":{"line":659,"column":13}}],"line":628},"25":{"loc":{"start":{"line":629,"column":16},"end":{"line":645,"column":17}},"type":"if","locations":[{"start":{"line":629,"column":16},"end":{"line":645,"column":17}},{"start":{"line":629,"column":16},"end":{"line":645,"column":17}}],"line":629},"26":{"loc":{"start":{"line":637,"column":23},"end":{"line":645,"column":17}},"type":"if","locations":[{"start":{"line":637,"column":23},"end":{"line":645,"column":17}},{"start":{"line":637,"column":23},"end":{"line":645,"column":17}}],"line":637},"27":{"loc":{"start":{"line":647,"column":16},"end":{"line":649,"column":17}},"type":"if","locations":[{"start":{"line":647,"column":16},"end":{"line":649,"column":17}},{"start":{"line":647,"column":16},"end":{"line":649,"column":17}}],"line":647},"28":{"loc":{"start":{"line":671,"column":16},"end":{"line":673,"column":17}},"type":"if","locations":[{"start":{"line":671,"column":16},"end":{"line":673,"column":17}},{"start":{"line":671,"column":16},"end":{"line":673,"column":17}}],"line":671},"29":{"loc":{"start":{"line":700,"column":12},"end":{"line":702,"column":13}},"type":"if","locations":[{"start":{"line":700,"column":12},"end":{"line":702,"column":13}},{"start":{"line":700,"column":12},"end":{"line":702,"column":13}}],"line":700},"30":{"loc":{"start":{"line":723,"column":20},"end":{"line":725,"column":21}},"type":"if","locations":[{"start":{"line":723,"column":20},"end":{"line":725,"column":21}},{"start":{"line":723,"column":20},"end":{"line":725,"column":21}}],"line":723},"31":{"loc":{"start":{"line":727,"column":20},"end":{"line":729,"column":21}},"type":"if","locations":[{"start":{"line":727,"column":20},"end":{"line":729,"column":21}},{"start":{"line":727,"column":20},"end":{"line":729,"column":21}}],"line":727},"32":{"loc":{"start":{"line":731,"column":20},"end":{"line":736,"column":21}},"type":"if","locations":[{"start":{"line":731,"column":20},"end":{"line":736,"column":21}},{"start":{"line":731,"column":20},"end":{"line":736,"column":21}}],"line":731},"33":{"loc":{"start":{"line":738,"column":20},"end":{"line":743,"column":21}},"type":"if","locations":[{"start":{"line":738,"column":20},"end":{"line":743,"column":21}},{"start":{"line":738,"column":20},"end":{"line":743,"column":21}}],"line":738},"34":{"loc":{"start":{"line":741,"column":96},"end":{"line":741,"column":152}},"type":"cond-expr","locations":[{"start":{"line":741,"column":118},"end":{"line":741,"column":119}},{"start":{"line":741,"column":123},"end":{"line":741,"column":151}}],"line":741},"35":{"loc":{"start":{"line":741,"column":123},"end":{"line":741,"column":151}},"type":"cond-expr","locations":[{"start":{"line":741,"column":145},"end":{"line":741,"column":147}},{"start":{"line":741,"column":150},"end":{"line":741,"column":151}}],"line":741},"36":{"loc":{"start":{"line":745,"column":20},"end":{"line":750,"column":21}},"type":"if","locations":[{"start":{"line":745,"column":20},"end":{"line":750,"column":21}},{"start":{"line":745,"column":20},"end":{"line":750,"column":21}}],"line":745},"37":{"loc":{"start":{"line":748,"column":96},"end":{"line":748,"column":152}},"type":"cond-expr","locations":[{"start":{"line":748,"column":118},"end":{"line":748,"column":119}},{"start":{"line":748,"column":123},"end":{"line":748,"column":151}}],"line":748},"38":{"loc":{"start":{"line":748,"column":123},"end":{"line":748,"column":151}},"type":"cond-expr","locations":[{"start":{"line":748,"column":145},"end":{"line":748,"column":147}},{"start":{"line":748,"column":150},"end":{"line":748,"column":151}}],"line":748},"39":{"loc":{"start":{"line":796,"column":12},"end":{"line":799,"column":13}},"type":"if","locations":[{"start":{"line":796,"column":12},"end":{"line":799,"column":13}},{"start":{"line":796,"column":12},"end":{"line":799,"column":13}}],"line":796},"40":{"loc":{"start":{"line":807,"column":12},"end":{"line":817,"column":13}},"type":"if","locations":[{"start":{"line":807,"column":12},"end":{"line":817,"column":13}},{"start":{"line":807,"column":12},"end":{"line":817,"column":13}}],"line":807},"41":{"loc":{"start":{"line":836,"column":12},"end":{"line":841,"column":13}},"type":"if","locations":[{"start":{"line":836,"column":12},"end":{"line":841,"column":13}},{"start":{"line":836,"column":12},"end":{"line":841,"column":13}}],"line":836},"42":{"loc":{"start":{"line":892,"column":16},"end":{"line":894,"column":17}},"type":"if","locations":[{"start":{"line":892,"column":16},"end":{"line":894,"column":17}},{"start":{"line":892,"column":16},"end":{"line":894,"column":17}}],"line":892},"43":{"loc":{"start":{"line":908,"column":16},"end":{"line":910,"column":17}},"type":"if","locations":[{"start":{"line":908,"column":16},"end":{"line":910,"column":17}},{"start":{"line":908,"column":16},"end":{"line":910,"column":17}}],"line":908},"44":{"loc":{"start":{"line":917,"column":16},"end":{"line":919,"column":17}},"type":"if","locations":[{"start":{"line":917,"column":16},"end":{"line":919,"column":17}},{"start":{"line":917,"column":16},"end":{"line":919,"column":17}}],"line":917}},"s":{"0":12,"1":75,"2":1,"3":2,"4":1,"5":1,"6":0,"7":0,"8":0,"9":0,"10":0,"11":0,"12":0,"13":0,"14":0,"15":0,"16":0,"17":0,"18":0,"19":0,"20":0,"21":0,"22":0,"23":0,"24":0,"25":0,"26":0,"27":0,"28":0,"29":0,"30":0,"31":9,"32":2,"33":1,"34":1,"35":2,"36":4,"37":0,"38":4,"39":0,"40":4,"41":4,"42":0,"43":4,"44":0,"45":5,"46":5,"47":0,"48":5,"49":0,"50":5,"51":5,"52":0,"53":5,"54":0,"55":0,"56":0,"57":0,"58":0,"59":0,"60":0,"61":0,"62":0,"63":0,"64":0,"65":0,"66":53,"67":17,"68":17,"69":36,"70":36,"71":0,"72":0,"73":0,"74":0,"75":0,"76":0,"77":36,"78":35,"79":35,"80":36,"81":31,"82":31,"83":31,"84":31,"85":31,"86":23,"87":31,"88":31,"89":31,"90":0,"91":0,"92":0,"93":0,"94":0,"95":0,"96":0,"97":0,"98":0,"99":0,"100":0,"101":0,"102":0,"103":0,"104":0,"105":0,"106":0,"107":0,"108":0,"109":0,"110":0,"111":0,"112":0,"113":0,"114":0,"115":0,"116":0,"117":0,"118":0,"119":0,"120":0,"121":0,"122":0,"123":0,"124":0,"125":1,"126":1,"127":1,"128":1,"129":1,"130":1,"131":0,"132":0,"133":0,"134":0,"135":1,"136":1,"137":1,"138":0,"139":0,"140":0,"141":0,"142":0,"143":0,"144":0,"145":0,"146":0,"147":0,"148":0,"149":0,"150":0,"151":0,"152":0,"153":0,"154":0,"155":0,"156":0,"157":0,"158":0,"159":1,"160":1,"161":1,"162":1,"163":1,"164":1,"165":1,"166":1,"167":1,"168":1,"169":1,"170":1,"171":1,"172":1,"173":1,"174":0,"175":0,"176":0,"177":0,"178":0,"179":0,"180":0,"181":0,"182":0,"183":0,"184":0,"185":0,"186":0,"187":0,"188":0,"189":0,"190":0,"191":0,"192":0,"193":0,"194":0,"195":0,"196":0,"197":0,"198":0,"199":0,"200":0,"201":0,"202":0,"203":0,"204":0,"205":0,"206":0,"207":0,"208":0,"209":0,"210":0,"211":0,"212":0,"213":0,"214":1,"215":46,"216":0,"217":0,"218":0,"219":0,"220":0,"221":0,"222":0,"223":0,"224":0,"225":0,"226":0,"227":0,"228":0,"229":0,"230":0,"231":0,"232":0,"233":0,"234":0,"235":0,"236":0,"237":0,"238":0,"239":0,"240":0,"241":0,"242":0,"243":0,"244":0,"245":0,"246":0,"247":0,"248":0,"249":0,"250":0,"251":0,"252":0,"253":0,"254":0,"255":0,"256":0,"257":0,"258":0,"259":0,"260":0,"261":0,"262":0,"263":0,"264":0,"265":0,"266":0,"267":0,"268":0,"269":0,"270":0,"271":0,"272":0,"273":0,"274":0,"275":0,"276":0,"277":0,"278":0,"279":0,"280":0,"281":9,"282":9,"283":9,"284":1,"285":9,"286":9,"287":8,"288":8,"289":8,"290":0,"291":0,"292":0,"293":0,"294":0,"295":0,"296":0,"297":0,"298":0,"299":0,"300":0,"301":0,"302":0,"303":0,"304":0,"305":0,"306":0,"307":0,"308":0,"309":0,"310":0,"311":0,"312":0,"313":0,"314":8,"315":9,"316":9,"317":9,"318":9,"319":9,"320":9,"321":9,"322":1,"323":1,"324":1,"325":0,"326":0,"327":0,"328":0,"329":0,"330":0,"331":0,"332":0,"333":0,"334":0,"335":0,"336":0,"337":0,"338":0,"339":0,"340":0,"341":0,"342":0,"343":0,"344":0,"345":0,"346":0,"347":0,"348":0,"349":0,"350":0,"351":0,"352":1,"353":0,"354":0,"355":0,"356":1,"357":0,"358":0,"359":0,"360":0,"361":0,"362":3,"363":19,"364":4,"365":10,"366":0,"367":4,"368":0,"369":3,"370":0,"371":0,"372":0,"373":0,"374":48,"375":4,"376":3,"377":1,"378":4,"379":0,"380":0,"381":0,"382":0,"383":0,"384":20,"385":0,"386":20,"387":16,"388":8,"389":16,"390":0,"391":0,"392":1},"f":{"0":75,"1":1,"2":2,"3":1,"4":1,"5":0,"6":0,"7":0,"8":0,"9":0,"10":0,"11":9,"12":2,"13":1,"14":1,"15":2,"16":4,"17":0,"18":0,"19":5,"20":0,"21":0,"22":0,"23":0,"24":0,"25":53,"26":0,"27":31,"28":0,"29":0,"30":0,"31":0,"32":1,"33":0,"34":0,"35":1,"36":46,"37":0,"38":0,"39":0,"40":0,"41":0,"42":0,"43":0,"44":9,"45":0,"46":0,"47":1,"48":0,"49":1,"50":0,"51":1,"52":3,"53":19,"54":4,"55":10,"56":0,"57":4,"58":0,"59":3,"60":0,"61":0,"62":48,"63":4,"64":4,"65":0,"66":0,"67":0,"68":20,"69":0,"70":16,"71":8,"72":0,"73":1},"b":{"0":[0,0],"1":[0,0],"2":[0,0],"3":[0,0],"4":[0,4],"5":[0,4],"6":[0,5],"7":[0,0],"8":[17,36],"9":[0,36],"10":[35,1],"11":[23,8],"12":[0,0],"13":[0,0],"14":[0,0],"15":[1,0],"16":[0,0],"17":[0,0,0],"18":[1,0],"19":[1,0,0,0,0,0,0],"20":[0,0],"21":[0,0],"22":[0,0,0,0,0,0,0],"23":[0,0],"24":[0,0],"25":[0,0],"26":[0,0],"27":[0,0],"28":[0,0],"29":[1,8],"30":[0,0],"31":[0,0],"32":[0,0],"33":[0,0],"34":[0,0],"35":[0,0],"36":[0,0],"37":[0,0],"38":[0,0],"39":[1,0],"40":[0,0],"41":[0,0],"42":[0,0],"43":[3,1],"44":[0,0]},"_coverageSchema":"43e27e138ebf9cfc5966b082cf9a028302ed4184","hash":"efcd4a6ea40210c4561c99f74f0b58e7afd79c84"}
}
