TN:
SF:/Users/jarrydwebb/Dropbox (Sydney Uni Student)/university/semester_two_2021/3888c/repos/cp13-frontend/cp13/src/i18n.js
FN:6,loadLocaleMessages
FN:9,(anonymous_1)
FNF:2
FNH:2
FNDA:12,loadLocaleMessages
FNDA:60,(anonymous_1)
DA:4,12
DA:7,12
DA:8,12
DA:9,12
DA:10,60
DA:13,12
LF:6
LH:6
BRF:0
BRH:0
end_of_record
TN:
SF:/Users/jarrydwebb/Dropbox (Sydney Uni Student)/university/semester_two_2021/3888c/repos/cp13-frontend/cp13/src/components/SurveyBuilder/BuilderBlock.vue
FN:146,(anonymous_1)
FN:154,(anonymous_2)
FN:155,compare
FN:163,(anonymous_4)
FN:180,(anonymous_5)
FN:188,(anonymous_6)
FN:196,(anonymous_7)
FN:204,(anonymous_8)
FN:207,(anonymous_9)
FN:214,(anonymous_10)
FN:217,(anonymous_11)
FN:220,(anonymous_12)
FN:223,(anonymous_13)
FN:226,(anonymous_14)
FN:230,(anonymous_15)
FN:233,(anonymous_16)
FNF:16
FNH:4
FNDA:10,(anonymous_1)
FNDA:1,(anonymous_2)
FNDA:4,compare
FNDA:18,(anonymous_4)
FNDA:0,(anonymous_5)
FNDA:0,(anonymous_6)
FNDA:0,(anonymous_7)
FNDA:0,(anonymous_8)
FNDA:0,(anonymous_9)
FNDA:0,(anonymous_10)
FNDA:0,(anonymous_11)
FNDA:0,(anonymous_12)
FNDA:0,(anonymous_13)
FNDA:0,(anonymous_14)
FNDA:0,(anonymous_15)
FNDA:0,(anonymous_16)
DA:118,2
DA:119,2
DA:120,2
DA:122,2
DA:123,2
DA:124,2
DA:125,2
DA:127,2
DA:128,2
DA:129,2
DA:147,10
DA:156,4
DA:157,3
DA:159,1
DA:161,1
DA:164,18
DA:168,0
DA:171,18
DA:173,0
DA:175,0
DA:178,9
DA:181,0
DA:182,0
DA:184,0
DA:189,0
DA:194,0
DA:197,0
DA:202,0
DA:207,0
DA:208,0
DA:209,0
DA:212,0
DA:215,0
DA:218,0
DA:221,0
DA:224,0
DA:227,0
DA:228,0
DA:231,0
DA:234,0
LF:40
LH:18
BRDA:156,0,0,3
BRDA:156,0,1,1
BRDA:164,1,0,0
BRDA:164,1,1,18
BRDA:164,2,0,18
BRDA:164,2,1,0
BRDA:171,3,0,0
BRDA:171,3,1,9
BRDA:171,4,0,18
BRDA:171,4,1,18
BRDA:181,5,0,0
BRDA:181,5,1,0
BRDA:208,6,0,0
BRDA:208,6,1,0
BRDA:208,7,0,0
BRDA:208,7,1,0
BRF:16
BRH:7
end_of_record
TN:
SF:/Users/jarrydwebb/Dropbox (Sydney Uni Student)/university/semester_two_2021/3888c/repos/cp13-frontend/cp13/src/components/SurveyBuilder/BuilderQuestion.vue
FN:311,(anonymous_1)
FN:315,(anonymous_2)
FN:325,(anonymous_3)
FN:331,(anonymous_4)
FN:338,(anonymous_5)
FN:341,(anonymous_6)
FN:344,(anonymous_7)
FN:353,(anonymous_8)
FN:362,(anonymous_9)
FN:371,(anonymous_10)
FN:384,(anonymous_11)
FNF:11
FNH:0
FNDA:0,(anonymous_1)
FNDA:0,(anonymous_2)
FNDA:0,(anonymous_3)
FNDA:0,(anonymous_4)
FNDA:0,(anonymous_5)
FNDA:0,(anonymous_6)
FNDA:0,(anonymous_7)
FNDA:0,(anonymous_8)
FNDA:0,(anonymous_9)
FNDA:0,(anonymous_10)
FNDA:0,(anonymous_11)
DA:287,3
DA:289,3
DA:290,3
DA:291,3
DA:292,3
DA:294,3
DA:312,0
DA:316,0
DA:317,0
DA:323,0
DA:326,0
DA:332,0
DA:339,0
DA:342,0
DA:345,0
DA:351,0
DA:354,0
DA:360,0
DA:363,0
DA:369,0
DA:372,0
DA:373,0
DA:378,0
DA:380,0
DA:385,0
DA:386,0
DA:389,0
LF:27
LH:6
BRDA:385,0,0,0
BRDA:385,0,1,0
BRF:2
BRH:0
end_of_record
TN:
SF:/Users/jarrydwebb/Dropbox (Sydney Uni Student)/university/semester_two_2021/3888c/repos/cp13-frontend/cp13/src/components/SurveyBuilder/ButtonBase.vue
FN:24,(anonymous_1)
FN:27,(anonymous_2)
FN:30,(anonymous_3)
FNF:3
FNH:3
FNDA:1,(anonymous_1)
FNDA:1,(anonymous_2)
FNDA:1,(anonymous_3)
DA:25,1
DA:28,1
DA:31,1
LF:3
LH:3
BRF:0
BRH:0
end_of_record
TN:
SF:/Users/jarrydwebb/Dropbox (Sydney Uni Student)/university/semester_two_2021/3888c/repos/cp13-frontend/cp13/src/components/SurveyBuilder/DropdownBase.vue
FN:42,(anonymous_1)
FN:53,(anonymous_2)
FNF:2
FNH:2
FNDA:2,(anonymous_1)
FNDA:1,(anonymous_2)
DA:43,2
DA:54,1
DA:55,1
DA:56,1
LF:4
LH:4
BRDA:44,0,0,3
BRDA:44,0,1,4
BRF:2
BRH:2
end_of_record
TN:
SF:/Users/jarrydwebb/Dropbox (Sydney Uni Student)/university/semester_two_2021/3888c/repos/cp13-frontend/cp13/src/components/SurveyBuilder/PanelOptionsArticles.vue
FN:62,(anonymous_1)
FN:71,(anonymous_2)
FN:76,(anonymous_3)
FN:81,(anonymous_4)
FNF:4
FNH:1
FNDA:1,(anonymous_1)
FNDA:0,(anonymous_2)
FNDA:0,(anonymous_3)
FNDA:0,(anonymous_4)
DA:43,2
DA:45,2
DA:46,2
DA:47,2
DA:48,2
DA:63,1
DA:69,1
DA:72,0
DA:74,0
DA:77,0
DA:79,0
DA:82,0
DA:84,0
LF:13
LH:7
BRF:0
BRH:0
end_of_record
TN:
SF:/Users/jarrydwebb/Dropbox (Sydney Uni Student)/university/semester_two_2021/3888c/repos/cp13-frontend/cp13/src/components/SurveyBuilder/PanelOptionsButtonRow.vue
FN:32,(anonymous_1)
FN:43,(anonymous_2)
FNF:2
FNH:0
FNDA:0,(anonymous_1)
FNDA:0,(anonymous_2)
DA:16,1
DA:18,1
DA:19,1
DA:33,0
DA:38,0
DA:44,0
DA:45,0
DA:47,0
LF:8
LH:3
BRF:0
BRH:0
end_of_record
TN:
SF:/Users/jarrydwebb/Dropbox (Sydney Uni Student)/university/semester_two_2021/3888c/repos/cp13-frontend/cp13/src/components/SurveyBuilder/PanelOptionsDragAndDrop.vue
FNF:0
FNH:0
DA:42,1
DA:44,1
LF:2
LH:2
BRF:0
BRH:0
end_of_record
TN:
SF:/Users/jarrydwebb/Dropbox (Sydney Uni Student)/university/semester_two_2021/3888c/repos/cp13-frontend/cp13/src/components/SurveyBuilder/PanelOptionsMultipleChoice.vue
FN:105,(anonymous_1)
FN:114,(anonymous_2)
FNF:2
FNH:0
FNDA:0,(anonymous_1)
FNDA:0,(anonymous_2)
DA:87,1
DA:89,1
DA:90,1
DA:91,1
DA:106,0
DA:109,0
DA:115,0
DA:116,0
DA:118,0
LF:9
LH:4
BRF:0
BRH:0
end_of_record
TN:
SF:/Users/jarrydwebb/Dropbox (Sydney Uni Student)/university/semester_two_2021/3888c/repos/cp13-frontend/cp13/src/components/SurveyBuilder/PanelOptionsNumberScale.vue
FNF:0
FNH:0
DA:121,1
DA:122,1
DA:123,1
LF:3
LH:3
BRF:0
BRH:0
end_of_record
TN:
SF:/Users/jarrydwebb/Dropbox (Sydney Uni Student)/university/semester_two_2021/3888c/repos/cp13-frontend/cp13/src/components/SurveyBuilder/PanelOptionsSurveyFlow.vue
FNF:0
FNH:0
DA:33,1
DA:34,1
DA:35,1
DA:36,1
DA:37,1
DA:38,1
LF:6
LH:6
BRF:0
BRH:0
end_of_record
TN:
SF:/Users/jarrydwebb/Dropbox (Sydney Uni Student)/university/semester_two_2021/3888c/repos/cp13-frontend/cp13/src/components/SurveyBuilder/PanelOptionsTextEntry.vue
FN:110,(anonymous_1)
FNF:1
FNH:0
FNDA:0,(anonymous_1)
DA:87,2
DA:88,2
DA:89,2
DA:90,2
DA:91,2
DA:111,0
LF:6
LH:5
BRF:0
BRH:0
end_of_record
TN:
SF:/Users/jarrydwebb/Dropbox (Sydney Uni Student)/university/semester_two_2021/3888c/repos/cp13-frontend/cp13/src/components/SurveyBuilder/PostFacebookEditable.vue
FN:24,(anonymous_1)
FN:35,(anonymous_2)
FN:48,(anonymous_3)
FNF:3
FNH:0
FNDA:0,(anonymous_1)
FNDA:0,(anonymous_2)
FNDA:0,(anonymous_3)
DA:14,5
DA:15,5
DA:25,0
DA:31,0
DA:36,0
DA:42,0
DA:49,0
DA:53,0
DA:56,0
LF:9
LH:2
BRDA:49,0,0,0
BRDA:49,0,1,0
BRDA:49,1,0,0
BRDA:49,1,1,0
BRF:4
BRH:0
end_of_record
TN:
SF:/Users/jarrydwebb/Dropbox (Sydney Uni Student)/university/semester_two_2021/3888c/repos/cp13-frontend/cp13/src/components/SurveyBuilder/PostTwitterEditable.vue
FN:26,(anonymous_1)
FN:37,(anonymous_2)
FN:48,(anonymous_3)
FN:61,(anonymous_4)
FNF:4
FNH:0
FNDA:0,(anonymous_1)
FNDA:0,(anonymous_2)
FNDA:0,(anonymous_3)
FNDA:0,(anonymous_4)
DA:16,5
DA:17,5
DA:27,0
DA:33,0
DA:38,0
DA:44,0
DA:49,0
DA:55,0
DA:62,0
DA:66,0
DA:69,0
LF:11
LH:2
BRDA:62,0,0,0
BRDA:62,0,1,0
BRDA:62,1,0,0
BRDA:62,1,1,0
BRF:4
BRH:0
end_of_record
TN:
SF:/Users/jarrydwebb/Dropbox (Sydney Uni Student)/university/semester_two_2021/3888c/repos/cp13-frontend/cp13/src/components/SurveyBuilder/QuestionContentArticles.vue
FN:129,(anonymous_1)
FN:140,(anonymous_2)
FN:143,(anonymous_3)
FN:152,(anonymous_4)
FN:159,(anonymous_5)
FN:176,(anonymous_6)
FN:185,(anonymous_7)
FN:194,(anonymous_8)
FN:203,(anonymous_9)
FNF:9
FNH:3
FNDA:2,(anonymous_1)
FNDA:1,(anonymous_2)
FNDA:0,(anonymous_3)
FNDA:0,(anonymous_4)
FNDA:0,(anonymous_5)
FNDA:0,(anonymous_6)
FNDA:0,(anonymous_7)
FNDA:0,(anonymous_8)
FNDA:1,(anonymous_9)
DA:106,4
DA:108,4
DA:109,4
DA:110,4
DA:111,4
DA:113,4
DA:114,4
DA:130,2
DA:141,1
DA:144,0
DA:150,0
DA:153,0
DA:157,0
DA:159,0
DA:163,0
DA:165,0
DA:174,0
DA:177,0
DA:183,0
DA:186,0
DA:192,0
DA:195,0
DA:201,0
DA:204,1
LF:24
LH:10
BRF:0
BRH:0
end_of_record
TN:
SF:/Users/jarrydwebb/Dropbox (Sydney Uni Student)/university/semester_two_2021/3888c/repos/cp13-frontend/cp13/src/components/SurveyBuilder/RandomElement.vue
FN:45,(anonymous_1)
FN:50,(anonymous_2)
FN:53,(anonymous_3)
FN:54,compare
FNF:4
FNH:0
FNDA:0,(anonymous_1)
FNDA:0,(anonymous_2)
FNDA:0,(anonymous_3)
FNDA:0,compare
DA:31,1
DA:32,1
DA:33,1
DA:35,1
DA:46,0
DA:47,0
DA:48,0
DA:51,0
DA:55,0
DA:56,0
DA:58,0
DA:60,0
LF:12
LH:4
BRDA:55,0,0,0
BRDA:55,0,1,0
BRF:2
BRH:0
end_of_record
TN:
SF:/Users/jarrydwebb/Dropbox (Sydney Uni Student)/university/semester_two_2021/3888c/repos/cp13-frontend/cp13/src/components/SurveyBuilder/TextArea.vue
FN:15,(anonymous_1)
FN:25,(anonymous_2)
FNF:2
FNH:2
FNDA:2,(anonymous_1)
FNDA:2,(anonymous_2)
DA:16,2
DA:26,2
LF:2
LH:2
BRDA:17,0,0,2
BRDA:17,0,1,0
BRF:2
BRH:1
end_of_record
TN:
SF:/Users/jarrydwebb/Dropbox (Sydney Uni Student)/university/semester_two_2021/3888c/repos/cp13-frontend/cp13/src/components/SurveyBuilder/TextBox.vue
FN:17,(anonymous_1)
FN:30,(anonymous_2)
FN:37,(anonymous_3)
FN:40,(anonymous_4)
FNF:4
FNH:4
FNDA:1,(anonymous_1)
FNDA:1,(anonymous_2)
FNDA:1,(anonymous_3)
FNDA:1,(anonymous_4)
DA:18,1
DA:19,1
DA:31,1
DA:32,1
DA:38,1
DA:41,1
LF:6
LH:6
BRF:0
BRH:0
end_of_record
TN:
SF:/Users/jarrydwebb/Dropbox (Sydney Uni Student)/university/semester_two_2021/3888c/repos/cp13-frontend/cp13/src/components/SurveyBuilder/TextBoxNum.vue
FN:19,(anonymous_1)
FN:32,(anonymous_2)
FN:36,(anonymous_3)
FN:40,(anonymous_4)
FN:47,(anonymous_5)
FN:50,(anonymous_6)
FNF:6
FNH:6
FNDA:4,(anonymous_1)
FNDA:1,(anonymous_2)
FNDA:1,(anonymous_3)
FNDA:1,(anonymous_4)
FNDA:5,(anonymous_5)
FNDA:1,(anonymous_6)
DA:15,3
DA:21,4
DA:22,4
DA:33,1
DA:34,1
DA:37,1
DA:38,1
DA:41,1
DA:42,1
DA:48,5
DA:51,1
LF:11
LH:11
BRF:0
BRH:0
end_of_record
TN:
SF:/Users/jarrydwebb/Dropbox (Sydney Uni Student)/university/semester_two_2021/3888c/repos/cp13-frontend/cp13/src/components/SurveyBuilder/TheFlowEditor.vue
FN:146,(anonymous_1)
FN:161,(anonymous_2)
FN:170,(anonymous_3)
FN:195,(anonymous_4)
FN:198,(anonymous_5)
FN:204,(anonymous_6)
FN:214,(anonymous_7)
FN:218,(anonymous_8)
FN:221,(anonymous_9)
FN:222,compare
FN:230,(anonymous_11)
FN:234,(anonymous_12)
FN:237,(anonymous_13)
FNF:13
FNH:0
FNDA:0,(anonymous_1)
FNDA:0,(anonymous_2)
FNDA:0,(anonymous_3)
FNDA:0,(anonymous_4)
FNDA:0,(anonymous_5)
FNDA:0,(anonymous_6)
FNDA:0,(anonymous_7)
FNDA:0,(anonymous_8)
FNDA:0,(anonymous_9)
FNDA:0,compare
FNDA:0,(anonymous_11)
FNDA:0,(anonymous_12)
FNDA:0,(anonymous_13)
DA:124,1
DA:125,1
DA:126,1
DA:127,1
DA:129,1
DA:130,1
DA:131,1
DA:132,1
DA:147,0
DA:150,0
DA:152,0
DA:156,0
DA:157,0
DA:161,0
DA:164,0
DA:170,0
DA:174,0
DA:181,0
DA:182,0
DA:183,0
DA:184,0
DA:185,0
DA:186,0
DA:188,0
DA:192,0
DA:196,0
DA:198,0
DA:205,0
DA:210,0
DA:211,0
DA:215,0
DA:216,0
DA:219,0
DA:223,0
DA:224,0
DA:226,0
DA:228,0
DA:231,0
DA:235,0
DA:238,0
LF:40
LH:8
BRDA:152,0,0,0
BRDA:152,0,1,0
BRDA:152,1,0,0
BRDA:152,1,1,0
BRDA:183,2,0,0
BRDA:183,2,1,0
BRDA:185,3,0,0
BRDA:185,3,1,0
BRDA:205,4,0,0
BRDA:205,4,1,0
BRDA:223,5,0,0
BRDA:223,5,1,0
BRF:12
BRH:0
end_of_record
TN:
SF:/Users/jarrydwebb/Dropbox (Sydney Uni Student)/university/semester_two_2021/3888c/repos/cp13-frontend/cp13/src/components/SurveyBuilder/ThePanelBase.vue
FN:106,(anonymous_1)
FN:112,(anonymous_2)
FN:122,(anonymous_3)
FN:127,(anonymous_4)
FN:133,(anonymous_5)
FN:140,(anonymous_6)
FN:148,(anonymous_7)
FN:156,(anonymous_8)
FNF:8
FNH:7
FNDA:1,(anonymous_1)
FNDA:0,(anonymous_2)
FNDA:6,(anonymous_3)
FNDA:6,(anonymous_4)
FNDA:1,(anonymous_5)
FNDA:7,(anonymous_6)
FNDA:9,(anonymous_7)
FNDA:7,(anonymous_8)
DA:69,1
DA:71,1
DA:72,1
DA:73,1
DA:74,1
DA:75,1
DA:76,1
DA:78,1
DA:79,1
DA:80,1
DA:81,1
DA:82,1
DA:107,1
DA:113,0
DA:118,0
DA:123,6
DA:124,1
DA:127,5
DA:128,6
DA:132,5
DA:133,1
DA:134,1
DA:138,5
DA:141,7
DA:145,4
DA:148,3
DA:151,9
DA:154,3
DA:158,7
DA:160,3
DA:164,4
LF:31
LH:29
BRDA:123,0,0,1
BRDA:123,0,1,5
BRDA:132,1,0,1
BRDA:132,1,1,4
BRDA:141,2,0,4
BRDA:141,2,1,3
BRDA:141,3,0,7
BRDA:141,3,1,6
BRDA:158,4,0,3
BRDA:158,4,1,4
BRF:10
BRH:10
end_of_record
TN:
SF:/Users/jarrydwebb/Dropbox (Sydney Uni Student)/university/semester_two_2021/3888c/repos/cp13-frontend/cp13/src/components/SurveyBuilder/TheToolBar.vue
FN:1,(anonymous_0)
FN:28,(anonymous_1)
FN:34,(anonymous_2)
FN:57,render
FN:57,(anonymous_4)
FN:57,(anonymous_5)
FN:57,(anonymous_6)
FN:57,(anonymous_7)
FNF:8
FNH:4
FNDA:1,(anonymous_0)
FNDA:60,(anonymous_1)
FNDA:10,(anonymous_2)
FNDA:57,render
FNDA:0,(anonymous_4)
FNDA:0,(anonymous_5)
FNDA:0,(anonymous_6)
FNDA:0,(anonymous_7)
DA:1,1
DA:4,1
DA:6,1
DA:9,1
DA:11,1
DA:24,1
DA:29,60
DA:36,10
DA:37,2
DA:40,8
DA:42,8
DA:43,2
DA:44,2
DA:47,8
DA:49,8
DA:54,1
DA:56,1
DA:57,57
DA:58,1
LF:19
LH:19
BRDA:36,0,0,2
BRDA:36,0,1,8
BRDA:42,1,0,2
BRDA:42,1,1,6
BRDA:56,2,0,1
BRDA:56,2,1,0
BRDA:56,3,0,0
BRDA:56,3,1,1
BRDA:57,4,0,57
BRDA:57,4,1,0
BRDA:57,5,0,27
BRDA:57,5,1,30
BRDA:57,6,0,2
BRDA:57,6,1,55
BRDA:57,7,0,3
BRDA:57,7,1,54
BRDA:57,8,0,4
BRDA:57,8,1,53
BRF:18
BRH:15
end_of_record
TN:
SF:/Users/jarrydwebb/Dropbox (Sydney Uni Student)/university/semester_two_2021/3888c/repos/cp13-frontend/cp13/src/components/SurveyBuilder/TheWorkSpace.vue
FN:72,(anonymous_1)
FNF:1
FNH:1
FNDA:1,(anonymous_1)
DA:49,1
DA:51,1
DA:52,1
DA:53,1
DA:54,1
DA:56,1
DA:57,1
DA:73,1
DA:76,1
LF:9
LH:9
BRF:0
BRH:0
end_of_record
TN:
SF:/Users/jarrydwebb/Dropbox (Sydney Uni Student)/university/semester_two_2021/3888c/repos/cp13-frontend/cp13/src/components/SurveyBuilder/ToggleBase.vue
FN:17,(anonymous_1)
FN:23,(anonymous_2)
FN:26,(anonymous_3)
FNF:3
FNH:3
FNDA:1,(anonymous_1)
FNDA:3,(anonymous_2)
FNDA:1,(anonymous_3)
DA:18,1
DA:24,3
LF:2
LH:2
BRF:0
BRH:0
end_of_record
TN:
SF:/Users/jarrydwebb/Dropbox (Sydney Uni Student)/university/semester_two_2021/3888c/repos/cp13-frontend/cp13/src/locales/index.js
FNF:0
FNH:0
DA:1,12
DA:2,12
DA:3,12
DA:4,12
DA:5,12
LF:5
LH:5
BRF:0
BRH:0
end_of_record
TN:
SF:/Users/jarrydwebb/Dropbox (Sydney Uni Student)/university/semester_two_2021/3888c/repos/cp13-frontend/cp13/src/services/DragDropHelpers.js
FN:3,(anonymous_0)
FN:67,(anonymous_1)
FN:80,(anonymous_2)
FN:81,(anonymous_3)
FN:123,(anonymous_4)
FN:124,(anonymous_5)
FN:170,(anonymous_6)
FNF:7
FNH:0
FNDA:0,(anonymous_0)
FNDA:0,(anonymous_1)
FNDA:0,(anonymous_2)
FNDA:0,(anonymous_3)
FNDA:0,(anonymous_4)
FNDA:0,(anonymous_5)
FNDA:0,(anonymous_6)
DA:3,2
DA:8,0
DA:9,0
DA:12,0
DA:19,0
DA:21,0
DA:23,0
DA:24,0
DA:25,0
DA:26,0
DA:31,0
DA:33,0
DA:35,0
DA:36,0
DA:44,0
DA:45,0
DA:54,0
DA:55,0
DA:67,2
DA:71,0
DA:72,0
DA:79,0
DA:80,0
DA:81,0
DA:85,0
DA:86,0
DA:89,0
DA:91,0
DA:92,0
DA:96,0
DA:98,0
DA:99,0
DA:100,0
DA:104,0
DA:111,0
DA:122,0
DA:123,0
DA:124,0
DA:128,0
DA:129,0
DA:132,0
DA:134,0
DA:135,0
DA:139,0
DA:141,0
DA:142,0
DA:143,0
DA:147,0
DA:154,0
DA:165,0
DA:166,0
DA:167,0
DA:168,0
DA:170,0
DA:174,0
DA:177,0
DA:178,0
DA:179,0
DA:180,0
DA:184,0
DA:185,0
DA:192,0
DA:193,0
DA:194,0
DA:195,0
DA:197,0
DA:200,0
DA:201,0
DA:202,0
DA:204,0
DA:210,0
DA:211,0
DA:212,0
DA:216,0
LF:74
LH:2
BRDA:25,0,0,0
BRDA:25,0,1,0
BRDA:31,1,0,0
BRDA:31,1,1,0
BRDA:33,2,0,0
BRDA:33,2,1,0
BRDA:35,3,0,0
BRDA:35,3,1,0
BRDA:44,4,0,0
BRDA:44,4,1,0
BRDA:54,5,0,0
BRDA:54,5,1,0
BRDA:71,6,0,0
BRDA:71,6,1,0
BRDA:79,7,0,0
BRDA:79,7,1,0
BRDA:80,8,0,0
BRDA:80,8,1,0
BRDA:85,9,0,0
BRDA:85,9,1,0
BRDA:91,10,0,0
BRDA:91,10,1,0
BRDA:96,11,0,0
BRDA:96,11,1,0
BRDA:99,12,0,0
BRDA:99,12,1,0
BRDA:100,13,0,0
BRDA:100,13,1,0
BRDA:100,14,0,0
BRDA:100,14,1,0
BRDA:100,14,2,0
BRDA:100,14,3,0
BRDA:122,15,0,0
BRDA:122,15,1,0
BRDA:123,16,0,0
BRDA:123,16,1,0
BRDA:128,17,0,0
BRDA:128,17,1,0
BRDA:134,18,0,0
BRDA:134,18,1,0
BRDA:134,19,0,0
BRDA:134,19,1,0
BRDA:139,20,0,0
BRDA:139,20,1,0
BRDA:142,21,0,0
BRDA:142,21,1,0
BRDA:143,22,0,0
BRDA:143,22,1,0
BRDA:143,23,0,0
BRDA:143,23,1,0
BRDA:143,23,2,0
BRDA:143,23,3,0
BRDA:166,24,0,0
BRDA:166,24,1,0
BRDA:167,25,0,0
BRDA:167,25,1,0
BRDA:177,26,0,0
BRDA:177,26,1,0
BRDA:179,27,0,0
BRDA:179,27,1,0
BRDA:179,28,0,0
BRDA:179,28,1,0
BRDA:184,29,0,0
BRDA:184,29,1,0
BRDA:184,30,0,0
BRDA:184,30,1,0
BRDA:193,31,0,0
BRDA:193,31,1,0
BRDA:193,32,0,0
BRDA:193,32,1,0
BRDA:194,33,0,0
BRDA:194,33,1,0
BRDA:194,34,0,0
BRDA:194,34,1,0
BRDA:200,35,0,0
BRDA:200,35,1,0
BRDA:200,36,0,0
BRDA:200,36,1,0
BRDA:201,37,0,0
BRDA:201,37,1,0
BRDA:201,38,0,0
BRDA:201,38,1,0
BRDA:211,39,0,0
BRDA:211,39,1,0
BRF:84
BRH:0
end_of_record
TN:
SF:/Users/jarrydwebb/Dropbox (Sydney Uni Student)/university/semester_two_2021/3888c/repos/cp13-frontend/cp13/src/services/SurveyServices.js
FN:5,(anonymous_0)
FN:10,(anonymous_1)
FN:15,(anonymous_2)
FN:20,(anonymous_3)
FN:25,(anonymous_4)
FN:30,(anonymous_5)
FN:35,(anonymous_6)
FN:40,(anonymous_7)
FN:45,(anonymous_8)
FN:50,(anonymous_9)
FN:55,(anonymous_10)
FN:59,(anonymous_11)
FN:64,(anonymous_12)
FN:69,(anonymous_13)
FN:74,(anonymous_14)
FN:79,(anonymous_15)
FN:84,(anonymous_16)
FN:89,(anonymous_17)
FN:94,(anonymous_18)
FN:99,(anonymous_19)
FN:104,(anonymous_20)
FN:109,(anonymous_21)
FN:114,(anonymous_22)
FN:119,(anonymous_23)
FNF:24
FNH:2
FNDA:0,(anonymous_0)
FNDA:0,(anonymous_1)
FNDA:0,(anonymous_2)
FNDA:0,(anonymous_3)
FNDA:0,(anonymous_4)
FNDA:0,(anonymous_5)
FNDA:0,(anonymous_6)
FNDA:0,(anonymous_7)
FNDA:5,(anonymous_8)
FNDA:0,(anonymous_9)
FNDA:0,(anonymous_10)
FNDA:0,(anonymous_11)
FNDA:0,(anonymous_12)
FNDA:0,(anonymous_13)
FNDA:0,(anonymous_14)
FNDA:0,(anonymous_15)
FNDA:1,(anonymous_16)
FNDA:0,(anonymous_17)
FNDA:0,(anonymous_18)
FNDA:0,(anonymous_19)
FNDA:0,(anonymous_20)
FNDA:0,(anonymous_21)
FNDA:0,(anonymous_22)
FNDA:0,(anonymous_23)
DA:2,12
DA:5,12
DA:6,0
DA:7,0
DA:10,12
DA:11,0
DA:12,0
DA:15,12
DA:16,0
DA:17,0
DA:20,12
DA:21,0
DA:22,0
DA:25,12
DA:26,0
DA:27,0
DA:30,12
DA:31,0
DA:32,0
DA:35,12
DA:36,0
DA:37,0
DA:40,12
DA:41,0
DA:42,0
DA:45,12
DA:46,5
DA:47,0
DA:50,12
DA:51,0
DA:52,0
DA:55,12
DA:56,0
DA:59,12
DA:60,0
DA:61,0
DA:64,12
DA:65,0
DA:66,0
DA:69,12
DA:70,0
DA:71,0
DA:74,12
DA:75,0
DA:76,0
DA:79,12
DA:80,0
DA:81,0
DA:84,12
DA:85,1
DA:86,0
DA:89,12
DA:90,0
DA:91,0
DA:94,12
DA:95,0
DA:96,0
DA:99,12
DA:100,0
DA:101,0
DA:104,12
DA:105,0
DA:106,0
DA:109,12
DA:110,0
DA:111,0
DA:114,12
DA:115,0
DA:116,0
DA:119,12
DA:120,0
DA:121,0
LF:72
LH:27
BRF:0
BRH:0
end_of_record
TN:
SF:/Users/jarrydwebb/Dropbox (Sydney Uni Student)/university/semester_two_2021/3888c/repos/cp13-frontend/cp13/src/store/SurveyBuilder.js
FN:17,(anonymous_0)
FN:20,(anonymous_1)
FN:26,(anonymous_2)
FN:33,(anonymous_3)
FN:36,(anonymous_4)
FN:42,(anonymous_5)
FN:47,(anonymous_6)
FN:52,(anonymous_7)
FN:57,(anonymous_8)
FN:62,(anonymous_9)
FN:78,(anonymous_10)
FN:94,(anonymous_11)
FN:99,(anonymous_12)
FN:105,(anonymous_13)
FN:111,(anonymous_14)
FN:117,(anonymous_15)
FN:123,(anonymous_16)
FN:127,(anonymous_17)
FN:139,(anonymous_18)
FN:147,(anonymous_19)
FN:157,(anonymous_20)
FN:169,(anonymous_21)
FN:174,(anonymous_22)
FN:187,(anonymous_23)
FN:193,(anonymous_24)
FN:201,(anonymous_25)
FN:223,(anonymous_26)
FN:265,(anonymous_27)
FN:280,(anonymous_28)
FN:301,(anonymous_29)
FN:324,(anonymous_30)
FN:328,compare
FN:353,(anonymous_32)
FN:368,(anonymous_33)
FN:385,(anonymous_34)
FN:418,(anonymous_35)
FN:510,(anonymous_36)
FN:600,(anonymous_37)
FN:607,(anonymous_38)
FN:608,(anonymous_39)
FN:612,(anonymous_40)
FN:619,compare
FN:663,(anonymous_42)
FN:670,compare
FN:691,(anonymous_44)
FN:741,(anonymous_45)
FN:748,(anonymous_46)
FN:791,(anonymous_47)
FN:811,(anonymous_48)
FN:858,(anonymous_49)
FN:861,(anonymous_50)
FN:865,(anonymous_51)
FN:882,(anonymous_52)
FN:883,(anonymous_53)
FN:884,(anonymous_54)
FN:885,(anonymous_55)
FN:886,(anonymous_56)
FN:887,(anonymous_57)
FN:888,(anonymous_58)
FN:889,(anonymous_59)
FN:890,(anonymous_60)
FN:891,compare
FN:903,(anonymous_62)
FN:906,(anonymous_63)
FN:907,compare
FN:915,(anonymous_65)
FN:915,(anonymous_66)
FN:916,compare
FN:924,(anonymous_68)
FN:925,(anonymous_69)
FN:930,(anonymous_70)
FN:931,(anonymous_71)
FN:937,(anonymous_72)
FN:943,(anonymous_73)
FNF:74
FNH:34
FNDA:75,(anonymous_0)
FNDA:1,(anonymous_1)
FNDA:2,(anonymous_2)
FNDA:1,(anonymous_3)
FNDA:1,(anonymous_4)
FNDA:0,(anonymous_5)
FNDA:0,(anonymous_6)
FNDA:0,(anonymous_7)
FNDA:0,(anonymous_8)
FNDA:0,(anonymous_9)
FNDA:0,(anonymous_10)
FNDA:9,(anonymous_11)
FNDA:2,(anonymous_12)
FNDA:1,(anonymous_13)
FNDA:1,(anonymous_14)
FNDA:2,(anonymous_15)
FNDA:4,(anonymous_16)
FNDA:0,(anonymous_17)
FNDA:0,(anonymous_18)
FNDA:5,(anonymous_19)
FNDA:0,(anonymous_20)
FNDA:0,(anonymous_21)
FNDA:0,(anonymous_22)
FNDA:0,(anonymous_23)
FNDA:0,(anonymous_24)
FNDA:53,(anonymous_25)
FNDA:0,(anonymous_26)
FNDA:31,(anonymous_27)
FNDA:0,(anonymous_28)
FNDA:0,(anonymous_29)
FNDA:0,(anonymous_30)
FNDA:0,compare
FNDA:1,(anonymous_32)
FNDA:0,(anonymous_33)
FNDA:0,(anonymous_34)
FNDA:1,(anonymous_35)
FNDA:46,(anonymous_36)
FNDA:0,(anonymous_37)
FNDA:0,(anonymous_38)
FNDA:0,(anonymous_39)
FNDA:0,(anonymous_40)
FNDA:0,compare
FNDA:0,(anonymous_42)
FNDA:0,compare
FNDA:9,(anonymous_44)
FNDA:0,(anonymous_45)
FNDA:0,(anonymous_46)
FNDA:1,(anonymous_47)
FNDA:0,(anonymous_48)
FNDA:1,(anonymous_49)
FNDA:0,(anonymous_50)
FNDA:1,(anonymous_51)
FNDA:3,(anonymous_52)
FNDA:19,(anonymous_53)
FNDA:4,(anonymous_54)
FNDA:10,(anonymous_55)
FNDA:0,(anonymous_56)
FNDA:4,(anonymous_57)
FNDA:0,(anonymous_58)
FNDA:3,(anonymous_59)
FNDA:0,(anonymous_60)
FNDA:0,compare
FNDA:48,(anonymous_62)
FNDA:4,(anonymous_63)
FNDA:4,compare
FNDA:0,(anonymous_65)
FNDA:0,(anonymous_66)
FNDA:0,compare
FNDA:20,(anonymous_68)
FNDA:0,(anonymous_69)
FNDA:16,(anonymous_70)
FNDA:8,(anonymous_71)
FNDA:0,(anonymous_72)
FNDA:1,(anonymous_73)
DA:8,12
DA:18,75
DA:24,1
DA:31,2
DA:34,1
DA:40,1
DA:47,0
DA:50,0
DA:57,0
DA:58,0
DA:60,0
DA:66,0
DA:67,0
DA:68,0
DA:69,0
DA:71,0
DA:72,0
DA:73,0
DA:82,0
DA:83,0
DA:84,0
DA:85,0
DA:87,0
DA:88,0
DA:89,0
DA:97,9
DA:102,2
DA:109,1
DA:115,1
DA:121,2
DA:127,4
DA:128,0
DA:131,4
DA:132,0
DA:136,4
DA:139,4
DA:140,0
DA:143,4
DA:144,0
DA:154,5
DA:157,5
DA:158,0
DA:161,5
DA:162,0
DA:166,5
DA:169,5
DA:170,0
DA:172,5
DA:181,0
DA:182,0
DA:185,0
DA:186,0
DA:187,0
DA:192,0
DA:193,0
DA:198,0
DA:206,53
DA:207,17
DA:208,17
DA:212,36
DA:220,36
DA:222,0
DA:223,0
DA:224,0
DA:227,0
DA:230,0
DA:235,36
DA:236,35
DA:237,35
DA:244,36
DA:251,31
DA:262,31
DA:265,31
DA:266,31
DA:269,31
DA:270,23
DA:274,31
DA:276,31
DA:278,31
DA:282,0
DA:283,0
DA:284,0
DA:287,0
DA:288,0
DA:290,0
DA:293,0
DA:294,0
DA:295,0
DA:298,0
DA:299,0
DA:301,0
DA:302,0
DA:305,0
DA:308,0
DA:312,0
DA:313,0
DA:316,0
DA:318,0
DA:320,0
DA:328,0
DA:329,0
DA:330,0
DA:332,0
DA:335,0
DA:336,0
DA:337,0
DA:338,0
DA:340,0
DA:341,0
DA:342,0
DA:347,0
DA:350,0
DA:351,0
DA:357,1
DA:360,1
DA:361,1
DA:362,1
DA:365,1
DA:366,1
DA:368,0
DA:369,0
DA:372,0
DA:375,0
DA:379,1
DA:380,1
DA:383,1
DA:389,0
DA:390,0
DA:392,0
DA:393,0
DA:394,0
DA:395,0
DA:396,0
DA:397,0
DA:399,0
DA:400,0
DA:401,0
DA:402,0
DA:403,0
DA:404,0
DA:406,0
DA:407,0
DA:408,0
DA:409,0
DA:410,0
DA:413,0
DA:415,0
DA:423,1
DA:424,1
DA:426,1
DA:427,1
DA:428,1
DA:429,1
DA:430,1
DA:431,1
DA:432,1
DA:433,1
DA:434,1
DA:435,1
DA:436,1
DA:437,1
DA:438,1
DA:445,0
DA:446,0
DA:447,0
DA:448,0
DA:449,0
DA:450,0
DA:451,0
DA:452,0
DA:453,0
DA:454,0
DA:455,0
DA:456,0
DA:458,0
DA:459,0
DA:460,0
DA:461,0
DA:462,0
DA:464,0
DA:466,0
DA:469,0
DA:471,0
DA:472,0
DA:473,0
DA:474,0
DA:479,0
DA:481,0
DA:482,0
DA:483,0
DA:484,0
DA:485,0
DA:486,0
DA:487,0
DA:488,0
DA:489,0
DA:490,0
DA:492,0
DA:495,0
DA:498,0
DA:500,0
DA:504,0
DA:508,1
DA:515,46
DA:522,0
DA:523,0
DA:526,0
DA:528,0
DA:529,0
DA:530,0
DA:537,0
DA:539,0
DA:545,0
DA:547,0
DA:557,0
DA:559,0
DA:569,0
DA:571,0
DA:572,0
DA:573,0
DA:574,0
DA:575,0
DA:576,0
DA:577,0
DA:578,0
DA:579,0
DA:580,0
DA:582,0
DA:585,0
DA:588,0
DA:590,0
DA:594,0
DA:597,0
DA:601,0
DA:608,0
DA:609,0
DA:619,0
DA:620,0
DA:621,0
DA:623,0
DA:628,0
DA:629,0
DA:632,0
DA:633,0
DA:635,0
DA:637,0
DA:640,0
DA:641,0
DA:643,0
DA:647,0
DA:648,0
DA:651,0
DA:654,0
DA:655,0
DA:656,0
DA:658,0
DA:670,0
DA:671,0
DA:672,0
DA:674,0
DA:678,0
DA:679,0
DA:682,0
DA:685,0
DA:686,0
DA:695,9
DA:698,9
DA:700,9
DA:701,1
DA:704,9
DA:705,8
DA:714,8
DA:715,0
DA:720,0
DA:721,0
DA:723,0
DA:724,0
DA:727,0
DA:728,0
DA:731,0
DA:732,0
DA:733,0
DA:734,0
DA:735,0
DA:738,0
DA:739,0
DA:740,0
DA:741,0
DA:745,0
DA:746,0
DA:747,0
DA:748,0
DA:753,8
DA:756,9
DA:757,9
DA:758,9
DA:760,9
DA:786,9
DA:788,9
DA:789,9
DA:796,1
DA:797,1
DA:798,1
DA:801,0
DA:803,0
DA:804,0
DA:807,0
DA:811,0
DA:812,0
DA:815,0
DA:816,0
DA:819,0
DA:820,0
DA:822,0
DA:823,0
DA:825,0
DA:827,0
DA:828,0
DA:833,0
DA:836,0
DA:837,0
DA:840,0
DA:843,0
DA:847,0
DA:848,0
DA:849,0
DA:852,0
DA:854,0
DA:861,1
DA:862,0
DA:863,0
DA:870,1
DA:871,0
DA:872,0
DA:873,0
DA:874,0
DA:875,0
DA:882,3
DA:883,19
DA:884,4
DA:885,10
DA:886,0
DA:887,4
DA:888,0
DA:889,3
DA:892,0
DA:893,0
DA:895,0
DA:899,0
DA:904,48
DA:908,4
DA:909,3
DA:911,1
DA:913,4
DA:915,0
DA:917,0
DA:918,0
DA:920,0
DA:922,0
DA:925,20
DA:926,0
DA:928,20
DA:931,16
DA:932,8
DA:935,16
DA:938,0
DA:941,0
DA:944,1
LF:368
LH:103
BRDA:66,0,0,0
BRDA:66,0,1,0
BRDA:71,1,0,0
BRDA:71,1,1,0
BRDA:82,2,0,0
BRDA:82,2,1,0
BRDA:87,3,0,0
BRDA:87,3,1,0
BRDA:131,4,0,0
BRDA:131,4,1,4
BRDA:143,5,0,0
BRDA:143,5,1,4
BRDA:161,6,0,0
BRDA:161,6,1,5
BRDA:185,7,0,0
BRDA:185,7,1,0
BRDA:206,8,0,17
BRDA:206,8,1,36
BRDA:220,9,0,0
BRDA:220,9,1,36
BRDA:235,10,0,35
BRDA:235,10,1,1
BRDA:269,11,0,23
BRDA:269,11,1,8
BRDA:282,12,0,0
BRDA:282,12,1,0
BRDA:312,13,0,0
BRDA:312,13,1,0
BRDA:329,14,0,0
BRDA:329,14,1,0
BRDA:379,15,0,1
BRDA:379,15,1,0
BRDA:389,16,0,0
BRDA:389,16,1,0
BRDA:390,17,0,0
BRDA:390,17,1,0
BRDA:390,17,2,0
BRDA:423,18,0,1
BRDA:423,18,1,0
BRDA:424,19,0,1
BRDA:424,19,1,0
BRDA:424,19,2,0
BRDA:424,19,3,0
BRDA:424,19,4,0
BRDA:424,19,5,0
BRDA:424,19,6,0
BRDA:445,20,0,0
BRDA:445,20,1,0
BRDA:451,21,0,0
BRDA:451,21,1,0
BRDA:526,22,0,0
BRDA:526,22,1,0
BRDA:526,22,2,0
BRDA:526,22,3,0
BRDA:526,22,4,0
BRDA:526,22,5,0
BRDA:526,22,6,0
BRDA:620,23,0,0
BRDA:620,23,1,0
BRDA:628,24,0,0
BRDA:628,24,1,0
BRDA:629,25,0,0
BRDA:629,25,1,0
BRDA:637,26,0,0
BRDA:637,26,1,0
BRDA:647,27,0,0
BRDA:647,27,1,0
BRDA:671,28,0,0
BRDA:671,28,1,0
BRDA:700,29,0,1
BRDA:700,29,1,8
BRDA:723,30,0,0
BRDA:723,30,1,0
BRDA:727,31,0,0
BRDA:727,31,1,0
BRDA:731,32,0,0
BRDA:731,32,1,0
BRDA:738,33,0,0
BRDA:738,33,1,0
BRDA:741,34,0,0
BRDA:741,34,1,0
BRDA:741,35,0,0
BRDA:741,35,1,0
BRDA:745,36,0,0
BRDA:745,36,1,0
BRDA:748,37,0,0
BRDA:748,37,1,0
BRDA:748,38,0,0
BRDA:748,38,1,0
BRDA:796,39,0,1
BRDA:796,39,1,0
BRDA:807,40,0,0
BRDA:807,40,1,0
BRDA:836,41,0,0
BRDA:836,41,1,0
BRDA:892,42,0,0
BRDA:892,42,1,0
BRDA:908,43,0,3
BRDA:908,43,1,1
BRDA:917,44,0,0
BRDA:917,44,1,0
BRF:101
BRH:18
end_of_record
